------Start of DE processing------ = [1/6/22 21:35:55:550 EET]
Exception = java.sql.SQLNonTransientException
Source = com.ibm.ws.resource.internal.ResourceFactoryTrackerData$1
probeid = 121
Stack Dump = java.sql.SQLNonTransientException: DSRA4000E: No implementations of org.postgresql.ds.PGConnectionPoolDataSource are found for dataSource[datasource] with library postgresql-library. The name or location of JDBC driver JAR files might be incorrect or inaccessible. Searched in: []. Searched under packages: [org.postgresql.ds].
	at com.ibm.ws.jdbc.internal.JDBCDriverService.classNotFound(JDBCDriverService.java:224)
	at com.ibm.ws.jdbc.internal.JDBCDriverService.create(JDBCDriverService.java:348)
	at com.ibm.ws.jdbc.internal.JDBCDriverService.createConnectionPoolDataSource(JDBCDriverService.java:563)
	at com.ibm.ws.jdbc.DataSourceService.init(DataSourceService.java:612)
	at com.ibm.ws.jca.cm.AbstractConnectionFactoryService$2.run(AbstractConnectionFactoryService.java:522)
	at com.ibm.ws.jca.cm.AbstractConnectionFactoryService$2.run(AbstractConnectionFactoryService.java:519)
	at java.security.AccessController.doPrivileged(Native Method)
	at com.ibm.ws.jca.cm.AbstractConnectionFactoryService.initPrivileged(AbstractConnectionFactoryService.java:519)
	at com.ibm.ws.jca.cm.AbstractConnectionFactoryService.createResource(AbstractConnectionFactoryService.java:149)
	at com.ibm.ws.resource.internal.ResourceFactoryTrackerData$1.getService(ResourceFactoryTrackerData.java:120)
	at org.eclipse.osgi.internal.serviceregistry.ServiceFactoryUse$1.run(ServiceFactoryUse.java:216)
	at java.security.AccessController.doPrivileged(Native Method)
	at org.eclipse.osgi.internal.serviceregistry.ServiceFactoryUse.factoryGetService(ServiceFactoryUse.java:213)
	at org.eclipse.osgi.internal.serviceregistry.ServiceFactoryUse.getService(ServiceFactoryUse.java:114)
	at org.eclipse.osgi.internal.serviceregistry.ServiceConsumer$2.getService(ServiceConsumer.java:48)
	at org.eclipse.osgi.internal.serviceregistry.ServiceRegistrationImpl.getService(ServiceRegistrationImpl.java:547)
	at org.eclipse.osgi.internal.serviceregistry.ServiceRegistry.getService(ServiceRegistry.java:533)
	at org.eclipse.osgi.internal.framework.BundleContextImpl.getService(BundleContextImpl.java:656)
	at com.ibm.ws.jndi.internal.WSContextFactory.lambda$getService$0(WSContextFactory.java:81)
	at java.security.AccessController.doPrivileged(Native Method)
	at com.ibm.ws.jndi.internal.WSContextFactory.lambda$getService$1(WSContextFactory.java:81)
	at java.util.concurrent.ConcurrentHashMap.computeIfAbsent(ConcurrentHashMap.java:1660)
	at com.ibm.ws.jndi.internal.WSContextFactory.getService(WSContextFactory.java:81)
	at com.ibm.ws.jndi.internal.WSContext.getReference(WSContext.java:520)
	at com.ibm.ws.jndi.internal.WSContext.resolveObject(WSContext.java:139)
	at com.ibm.ws.jndi.internal.WSContext.lookup(WSContext.java:309)
	at com.ibm.ws.jndi.WSContextBase.lookup(WSContextBase.java:61)
	at org.apache.aries.jndi.DelegateContext.lookup(DelegateContext.java:149)
	at javax.naming.InitialContext.lookup(InitialContext.java:417)
	at com.ibm.ws.jpa.container.osgi.internal.OSGiJPAPUnitInfo.lookupDataSource(OSGiJPAPUnitInfo.java:317)
	at com.ibm.ws.jpa.management.JPAPUnitInfo.getJPADataSource(JPAPUnitInfo.java:338)
	at com.ibm.ws.jpa.management.JPAPUnitInfo.getJtaDataSource(JPAPUnitInfo.java:381)
	at com.ibm.ws.jpa.management.JPAPUnitInfo.initialize(JPAPUnitInfo.java:751)
	at com.ibm.ws.jpa.management.JPAPxmlInfo.extractPersistenceUnits(JPAPxmlInfo.java:182)
	at com.ibm.ws.jpa.management.JPAScopeInfo.processPersistenceUnit(JPAScopeInfo.java:88)
	at com.ibm.ws.jpa.management.JPAApplInfo.addPersistenceUnits(JPAApplInfo.java:119)
	at com.ibm.ws.jpa.container.osgi.internal.JPAComponentImpl.processWebModulePersistenceXml(JPAComponentImpl.java:554)
	at com.ibm.ws.jpa.container.osgi.internal.JPAComponentImpl.applicationStarting(JPAComponentImpl.java:341)
	at com.ibm.ws.container.service.state.internal.ApplicationStateManager.fireStarting(ApplicationStateManager.java:51)
	at com.ibm.ws.container.service.state.internal.StateChangeServiceImpl.fireApplicationStarting(StateChangeServiceImpl.java:50)
	at com.ibm.ws.app.manager.module.internal.SimpleDeployedAppInfoBase.preDeployApp(SimpleDeployedAppInfoBase.java:547)
	at com.ibm.ws.app.manager.module.internal.SimpleDeployedAppInfoBase.installApp(SimpleDeployedAppInfoBase.java:508)
	at com.ibm.ws.app.manager.module.internal.DeployedAppInfoBase.deployApp(DeployedAppInfoBase.java:349)
	at com.ibm.ws.app.manager.war.internal.WARApplicationHandlerImpl.install(WARApplicationHandlerImpl.java:65)
	at com.ibm.ws.app.manager.internal.statemachine.StartAction.execute(StartAction.java:149)
	at com.ibm.ws.app.manager.internal.statemachine.ApplicationStateMachineImpl.enterState(ApplicationStateMachineImpl.java:1352)
	at com.ibm.ws.app.manager.internal.statemachine.ApplicationStateMachineImpl.run(ApplicationStateMachineImpl.java:897)
	at com.ibm.ws.threading.internal.ExecutorServiceImpl$RunnableWrapper.run(ExecutorServiceImpl.java:238)
	at java.util.concurrent.ThreadPoolExecutor.runWorker(ThreadPoolExecutor.java:1149)
	at java.util.concurrent.ThreadPoolExecutor$Worker.run(ThreadPoolExecutor.java:624)
	at java.lang.Thread.run(Thread.java:748)
Caused by: java.lang.ClassNotFoundException: org.postgresql.ds.PGConnectionPoolDataSource
	at com.ibm.ws.classloading.internal.AppClassLoader.findClassCommonLibraryClassLoaders(AppClassLoader.java:654)
	at com.ibm.ws.classloading.internal.AppClassLoader.findClass(AppClassLoader.java:296)
	at java.lang.ClassLoader.loadClass(ClassLoader.java:418)
	at com.ibm.ws.classloading.internal.AppClassLoader.findOrDelegateLoadClass(AppClassLoader.java:632)
	at com.ibm.ws.classloading.internal.AppClassLoader.loadClass(AppClassLoader.java:531)
	at java.lang.ClassLoader.loadClass(ClassLoader.java:351)
	at com.ibm.ws.jdbc.internal.JDBCDriverService$1.run(JDBCDriverService.java:272)
	at com.ibm.ws.jdbc.internal.JDBCDriverService$1.run(JDBCDriverService.java:262)
	at java.security.AccessController.doPrivileged(Native Method)
	at com.ibm.ws.jdbc.internal.JDBCDriverService.create(JDBCDriverService.java:262)
	... 49 more

Dump of callerThis
Object type = com.ibm.ws.resource.internal.ResourceFactoryTrackerData$1
  val$ref = class org.eclipse.osgi.internal.serviceregistry.ServiceReferenceImpl@42cffb92
    registration = class org.eclipse.osgi.internal.serviceregistry.ServiceRegistrationImpl@5408f4c9
      registry = class org.eclipse.osgi.internal.serviceregistry.ServiceRegistry@563235f8
      context = class org.eclipse.osgi.internal.framework.BundleContextImpl@766f4284
      bundle = class org.eclipse.osgi.internal.framework.EquinoxBundle@4485548f
      clazzes = class java.lang.String[4]
      service = class org.apache.felix.scr.impl.manager.SingleComponentManager@4be305cd
      reference = class org.eclipse.osgi.internal.serviceregistry.ServiceReferenceImpl@42cffb92
      contextsUsing = class java.util.ArrayList@6552bf46
      properties = class java.util.Collections$UnmodifiableMap@2208dbe1
      serviceid = 612
      serviceranking = 0
      registrationLock = class java.lang.Object@163923e0
      state = 0
      REGISTERED = 0
      UNREGISTERING = 1
      UNREGISTERED = 2
      FRAMEWORK_SET_SERVICE_PROPERTIES_COUNT = 4
      $assertionsDisabled = true
  this$0 = class com.ibm.ws.resource.internal.ResourceFactoryTrackerData@6c289a39
    JNDI_SERVICENAME = "osgi.jndi.service.name"
    context = class org.eclipse.osgi.internal.framework.BundleContextImpl@766f4284
      valid = true
      bundle = class org.eclipse.osgi.internal.framework.EquinoxBundle@4485548f
      container = class org.eclipse.osgi.internal.framework.EquinoxContainer@7bd17f11
      debug = class org.eclipse.osgi.internal.debug.Debug@2b0f0563
      servicesInUse = class java.util.HashMap@14c9fc29
      activator = null
      contextLock = class java.lang.Object@742f0519
    registration = class org.eclipse.osgi.internal.serviceregistry.ServiceRegistrationImpl@750b485c
      registry = class org.eclipse.osgi.internal.serviceregistry.ServiceRegistry@563235f8
      context = class org.eclipse.osgi.internal.framework.BundleContextImpl@766f4284
      bundle = class org.eclipse.osgi.internal.framework.EquinoxBundle@4485548f
      clazzes = class java.lang.String[1]
      service = class com.ibm.ws.resource.internal.ResourceFactoryTrackerData$1@a3d89c5
      reference = class org.eclipse.osgi.internal.serviceregistry.ServiceReferenceImpl@7fb38cb
      contextsUsing = class java.util.ArrayList@2f2a935f
      properties = class java.util.Collections$UnmodifiableMap@7f3bbb07
      serviceid = 613
      serviceranking = 0
      registrationLock = class java.lang.Object@69f71804
      state = 0
      REGISTERED = 0
      UNREGISTERING = 1
      UNREGISTERED = 2
      FRAMEWORK_SET_SERVICE_PROPERTIES_COUNT = 4
      $assertionsDisabled = true
    interfaces = class java.lang.String[1]
      String[0] = "javax.sql.DataSource"
    serialVersionUID = 7071819092476537634
    $$$tc$$$ = class com.ibm.websphere.ras.TraceComponent@6edb6c9f
      strings[0] = "TraceComponent[com.ibm.ws.resource.internal.ResourceFactoryTrackerData,class com.ibm.ws.resource.internal.ResourceFactoryTrackerData,[resource],com.ibm.ws.resource.internal.resources.Runtime,null]"
  serialVersionUID = -5395261454852493419
  $$$tc$$$ = class com.ibm.websphere.ras.TraceComponent@10a94617
    strings[0] = "TraceComponent[com.ibm.ws.resource.internal.ResourceFactoryTrackerData$1,class com.ibm.ws.resource.internal.ResourceFactoryTrackerData$1,[resource],com.ibm.ws.resource.internal.resources.Runtime,null]"

Dump of objectArray[0]
Object type = org.eclipse.osgi.internal.framework.EquinoxBundle
  equinoxContainer = class org.eclipse.osgi.internal.framework.EquinoxContainer@7bd17f11
    NAME = "org.eclipse.osgi"
    secureAction = class org.eclipse.osgi.framework.util.SecureAction@5f5cb492
      controlContext = class java.security.AccessControlContext@5ed34a87
      bootClassLoader = class org.eclipse.osgi.framework.util.SecureAction$1$1@31be9c16
    connectModules = class org.eclipse.osgi.internal.framework.EquinoxContainer$ConnectModules@29dc157d
      moduleConnector = null
      connectModules = class java.util.concurrent.ConcurrentHashMap@cdfe380
      contents = class java.util.WeakHashMap@7890160f
    equinoxConfig = class org.eclipse.osgi.internal.framework.EquinoxConfiguration@1bdfa94a
      CONFIG_FILE = "config.ini"
      INTERNAL_OS_SUNOS = "SunOS"
      INTERNAL_OS_LINUX = "Linux"
      INTERNAL_OS_MACOSX = "Mac OS"
      INTERNAL_OS_AIX = "AIX"
      INTERNAL_OS_HPUX = "HP-UX"
      INTERNAL_OS_QNX = "QNX"
      INTERNAL_OS_OS400 = "OS/400"
      INTERNAL_OS_OS390 = "OS/390"
      INTERNAL_OS_ZOS = "z/OS"
      INTERNAL_OS_FREEBSD = "FreeBSD"
      INTERNAL_ARCH_I386 = "i386"
      INTERNAL_AMD64 = "amd64"
      VARIABLE_DELIM_STRING = "$"
      VARIABLE_DELIM_CHAR = $
      configValues = class org.eclipse.osgi.internal.framework.EquinoxConfiguration$ConfigValues@66eb5bfe
      debug = class org.eclipse.osgi.internal.debug.Debug@2b0f0563
      debugOptions = class org.eclipse.osgi.internal.debug.FrameworkDebugOptions@49537f2c
      hookRegistry = class org.eclipse.osgi.internal.hookregistry.HookRegistry@1da0a4d9
      aliasMapper = class org.eclipse.osgi.internal.framework.AliasMapper@3952b68
      equinoxLocations = class org.eclipse.osgi.internal.location.EquinoxLocations@3f9da44f
      allArgs = null
      frameworkArgs = null
      appArgs = null
      inDevelopmentMode = false
      devLocation = null
      devMonitor = class java.lang.Object@6de5068f
      devDefaultClasspath = null
      devProperties = null
      devLastModified = 0
      contextBootDelegation = false
      compatibilityBootDelegation = false
      compatibilityLazyTriggerOnFailLoad = false
      LIB_EXTENSIONS = class java.util.Collections$UnmodifiableRandomAccessList@757be186
      ECLIPSE_LIB_VARIANTS = class java.util.Collections$UnmodifiableRandomAccessList@5f9f4a2a
      COPY_NATIVES = false
      ECLIPSE_NL_JAR_VARIANTS = class java.util.ArrayList@d72224a
      DEFINE_PACKAGE_ATTRIBUTES = true
      BUNDLE_SET_TCCL = true
      BSN_VERSION = 3
      BSN_VERSION_SINGLE = 1
      BSN_VERSION_MULTIPLE = 2
      BSN_VERSION_MANAGED = 3
      throwErrorOnFailedStart = true
      CLASS_CERTIFICATE = true
      PARALLEL_CAPABLE = false
      exceptions = class java.util.LinkedHashMap@48e68c15
      PROP_JVM_OS_ARCH = "os.arch"
      PROP_JVM_OS_NAME = "os.name"
      PROP_JVM_OS_VERSION = "os.version"
      PROP_JVM_SPEC_VERSION = "java.specification.version"
      PROP_JVM_SPEC_NAME = "java.specification.name"
      PROP_SETPERMS_CMD = "osgi.filepermissions.command"
      PROP_DEBUG = "osgi.debug"
      PROP_DEBUG_VERBOSE = "osgi.debug.verbose"
      PROP_DEV = "osgi.dev"
      PROP_CLEAN = "osgi.clean"
      PROP_USE_SYSTEM_PROPERTIES = "osgi.framework.useSystemProperties"
      PROP_FRAMEWORK = "osgi.framework"
      ECLIPSE_FRAMEWORK_VENDOR = "Eclipse"
      PROP_OSGI_JAVA_PROFILE = "osgi.java.profile"
      PROP_OSGI_JAVA_PROFILE_NAME = "osgi.java.profile.name"
      PROP_OSGI_JAVA_PROFILE_BOOTDELEGATION = "osgi.java.profile.bootdelegation"
      PROP_OSGI_BOOTDELEGATION_IGNORE = "ignore"
      PROP_OSGI_BOOTDELEGATION_OVERRIDE = "override"
      PROP_OSGI_BOOTDELEGATION_NONE = "none"
      PROP_CONTEXT_BOOTDELEGATION = "osgi.context.bootdelegation"
      PROP_COMPATIBILITY_BOOTDELEGATION = "osgi.compatibility.bootdelegation"
      PROP_DS_DELAYED_KEEPINSTANCES = "ds.delayed.keepInstances"
      PROP_COMPATIBILITY_ERROR_FAILED_START = "osgi.compatibility.errorOnFailedStart"
      PROP_COMPATIBILITY_START_LAZY = "osgi.compatibility.eagerStart.LazyActivation"
      PROP_COMPATIBILITY_START_LAZY_ON_FAIL_CLASSLOAD = "osgi.compatibility.trigger.lazyActivation.onFailedClassLoad"
      PROP_OSGI_OS = "osgi.os"
      PROP_OSGI_WS = "osgi.ws"
      PROP_OSGI_ARCH = "osgi.arch"
      PROP_OSGI_NL = "osgi.nl"
      PROP_OSGI_NL_USER = "osgi.nl.user"
      PROP_ROOT_LOCALE = "equinox.root.locale"
      PROP_PARENT_CLASSLOADER = "osgi.parentClassloader"
      PARENT_CLASSLOADER_FWK = "fwk"
      PROP_CONTEXTCLASSLOADER_PARENT = "osgi.contextClassLoaderParent"
      CONTEXTCLASSLOADER_PARENT_APP = "app"
      CONTEXTCLASSLOADER_PARENT_EXT = "ext"
      CONTEXTCLASSLOADER_PARENT_BOOT = "boot"
      CONTEXTCLASSLOADER_PARENT_FWK = "fwk"
      PROP_FRAMEWORK_LIBRARY_EXTENSIONS = "osgi.framework.library.extensions"
      PROP_COPY_NATIVES = "osgi.classloader.copy.natives"
      PROP_DEFINE_PACKAGES = "osgi.classloader.define.packages"
      PROP_BUNDLE_SETTCCL = "eclipse.bundle.setTCCL"
      PROP_EQUINOX_SECURITY = "eclipse.security"
      PROP_FILE_LIMIT = "osgi.bundlefile.limit"
      PROP_CLASS_CERTIFICATE_SUPPORT = "osgi.support.class.certificate"
      PROP_CLASS_LOADER_TYPE = "osgi.classloader.type"
      CLASS_LOADER_TYPE_PARALLEL = "parallel"
      PROP_FORCED_RESTART = "osgi.forcedRestart"
      PROP_IGNORE_USER_CONFIGURATION = "eclipse.ignoreUserConfiguration"
      PROPERTY_STRICT_BUNDLE_ENTRY_PATH = "osgi.strictBundleEntryPath"
      PROP_CHECK_CONFIGURATION = "osgi.checkConfiguration"
      inCheckConfigurationMode = true
      DEFAULT_STATE_SAVE_DELAY_INTERVAL = "30000"
      PROP_STATE_SAVE_DELAY_INTERVAL = "eclipse.stateSaveDelayInterval"
      PROP_MODULE_LOCK_TIMEOUT = "osgi.module.lock.timeout"
      PROP_MODULE_AUTO_START_ON_RESOLVE = "osgi.module.auto.start.on.resolve"
      PROP_ALLOW_RESTRICTED_PROVIDES = "osgi.equinox.allow.restricted.provides"
      PROP_LOG_HISTORY_MAX = "equinox.log.history.max"
      PROP_LOG_CAPTURE_ENTRY_LOCATION = "equinox.log.capture.entry.location"
      PROP_RESOLVER_THREAD_COUNT = "equinox.resolver.thead.count"
      PROP_EQUINOX_RESOLVER_THREAD_COUNT = "equinox.resolver.thread.count"
      PROP_EQUINOX_START_LEVEL_THREAD_COUNT = "equinox.start.level.thread.count"
      PROP_EQUINOX_START_LEVEL_RESTRICT_PARALLEL = "equinox.start.level.restrict.parallel"
      PROP_RESOLVER_REVISION_BATCH_SIZE = "equinox.resolver.revision.batch.size"
      PROP_RESOLVER_BATCH_TIMEOUT = "equinox.resolver.batch.timeout"
      PROP_SYSTEM_PROVIDE_HEADER = "equinox.system.provide.header"
      SYSTEM_PROVIDE_HEADER_ORIGINAL = "original"
      SYSTEM_PROVIDE_HEADER_SYSTEM = "system"
      SYSTEM_PROVIDE_HEADER_SYSTEM_EXTRA = "system.extra"
      PROP_DEFAULT_SUFFIX = ".default"
      PROP_WITH_ECLIPSE_STARTER_DEFAULTS = class java.util.Collections$UnmodifiableRandomAccessList@623b235e
      PROP_INIT_UUID = "equinox.init.uuid"
      PROP_ACTIVE_THREAD_TYPE = "osgi.framework.activeThreadType"
      ACTIVE_THREAD_TYPE_NORMAL = "normal"
      PROP_GOSH_ARGS = "gosh.args"
      PROP_SECURE_UUID = "equinox.uuid.secure"
    logServices = class org.eclipse.osgi.internal.log.EquinoxLogServices@7ecaae73
      EQUINOX_LOGGER_NAME = "org.eclipse.equinox.logger"
      PERF_LOGGER_NAME = "org.eclipse.performance.logger"
      PROP_LOG_ENABLED = "eclipse.log.enabled"
      LOG_EXT = ".log"
      logServiceManager = class org.eclipse.osgi.internal.log.LogServiceManager@2ad30041
      eclipseLogFactory = class org.eclipse.osgi.internal.log.EquinoxLogFactory@4dec7641
      logWriter = class org.eclipse.osgi.internal.log.EquinoxLogWriter@4678c779
      perfWriter = class org.eclipse.osgi.internal.log.EquinoxLogWriter@6dccb714
      rootFrameworkLog = class org.eclipse.osgi.internal.log.EquinoxLogFactory$1@5faf73e4
      frameworkLogReg = class org.eclipse.osgi.internal.serviceregistry.ServiceRegistrationImpl@715f582e
      perfLogReg = class org.eclipse.osgi.internal.serviceregistry.ServiceRegistrationImpl@711c0a73
    storage = class org.eclipse.osgi.storage.Storage@44886d1c
      VERSION = 6
      CONTENT_TYPE_VERSION = 6
      CACHED_SYSTEM_CAPS_VERION = 5
      MR_JAR_VERSION = 4
      LOWEST_VERSION_SUPPORTED = 3
      BUNDLE_DATA_DIR = "data"
      BUNDLE_FILE_NAME = "bundleFile"
      FRAMEWORK_INFO = "framework.info"
      ECLIPSE_SYSTEMBUNDLE = "Eclipse-SystemBundle"
      DELETE_FLAG = ".delete"
      LIB_TEMP = "libtemp"
      JAVASE = "JavaSE"
      PROFILE_EXT = ".profile"
      NUL = " "
      INITIAL_LOCATION = "initial@"
      secureAction = class org.eclipse.osgi.framework.util.SecureAction@473ecb2c
      equinoxContainer = class org.eclipse.osgi.internal.framework.EquinoxContainer@7bd17f11
      installPath = "/D:/Facultate/Tehnologii Java/lab11/service-a/target/liberty/wlp/lib/"
      osgiLocation = class org.eclipse.osgi.internal.location.BasicLocation@3877388
      childRoot = class java.io.File@3326786e
      parentRoot = null
      permissionData = class org.eclipse.osgi.storage.PermissionData@3fb31524
      securityAdmin = class org.eclipse.osgi.internal.permadmin.SecurityAdmin@e65ce55
      adaptor = class org.eclipse.osgi.internal.framework.EquinoxContainerAdaptor@36c6e722
      moduleDatabase = class org.eclipse.osgi.container.ModuleDatabase@36a31c9c
      moduleContainer = class org.eclipse.osgi.container.ModuleContainer@58369c43
      saveMonitor = class java.lang.Object@119e3559
      lastSavedTimestamp = -1
      mruList = class org.eclipse.osgi.storage.bundlefile.MRUBundleFileList@31a94659
      extensionInstaller = class org.eclipse.osgi.storage.FrameworkExtensionInstaller@30d748b9
      cachedHeaderKeys = class java.util.Arrays$ArrayList@1ebee5c3
      allowRestrictedProvides = true
      refreshMRBundles = class java.util.concurrent.atomic.AtomicBoolean@7e6a3fb0
      runtimeVersion = class org.osgi.framework.Version@58a25aa
      javaSpecVersion = "1.8"
      $SWITCH_TABLE$org$eclipse$osgi$storage$ContentProvider$Type = null
    bootDelegation = class java.util.HashSet@db6ef0d
      serialVersionUID = -5024744406713321676
      map = class java.util.HashMap@5df41bd8
      PRESENT = class java.lang.Object@45368cb9
      MAX_ARRAY_SIZE = 2147483639
    bootDelegationStems = class java.lang.String[12]
      String[0] = "sun."
      String[1] = "com.sun."
      String[2] = "com.ibm.ws.boot.delegated."
      String[3] = "org.apache.xml."
      String[4] = "org.apache.xerces."
      String[5] = "com.ibm.xylem."
      String[6] = "com.ibm.xml."
      String[7] = "com.ibm.xtq."
      String[8] = "com.ibm.net.ssl."
      String[9] = "com.ibm.crypto."
      String[10] = "com.ibm.security."
      String[11] = "jdk."
    bootDelegateAll = false
    isProcessClassRecursionSupportedByAll = false
    eventPublisher = class org.eclipse.osgi.internal.framework.EquinoxEventPublisher@40d71035
      FRAMEWORK_STOPPED_MASK = 1472
      BUNDLEEVENT = 1
      BUNDLEEVENTSYNC = 2
      FRAMEWORKEVENT = 4
      container = class org.eclipse.osgi.internal.framework.EquinoxContainer@7bd17f11
      monitor = class java.lang.Object@480e695a
      eventManager = class org.eclipse.osgi.framework.eventmgr.EventManager@584e31cf
      allBundleListeners = class java.util.LinkedHashMap@2b7e1aa5
      allSyncBundleListeners = class java.util.LinkedHashMap@53a641ab
      allFrameworkListeners = class java.util.LinkedHashMap@68d9b63c
    monitor = class java.lang.Object@473075be
    bootLoader = class org.eclipse.osgi.internal.framework.EquinoxContainer$1@7d4434d2
      this$0 = class org.eclipse.osgi.internal.framework.EquinoxContainer@7bd17f11
      parent = null
      parallelLockMap = null
      package2certs = class java.util.Hashtable@4750eb29
      nocerts = class java.security.cert.Certificate[0]
      classes = class java.util.Vector@5bacf1fb
      defaultDomain = class java.security.ProtectionDomain@275648bf
      packages = class java.util.HashMap@1c4caed8
      scl = class sun.misc.Launcher$AppClassLoader@4e0e2f2a
      sclSet = true
      loadedLibraryNames = class java.util.Vector@308bc1e1
      systemNativeLibraries = class java.util.Vector@6235c5c
      nativeLibraries = class java.util.Vector@5c8517db
      nativeLibraryContext = class java.util.Stack@144d6649
      usr_paths = class java.lang.String[22]
      sys_paths = class java.lang.String[1]
      assertionLock = class org.eclipse.osgi.internal.framework.EquinoxContainer$1@7d4434d2
      defaultAssertionStatus = false
      packageAssertionStatus = null
      classAssertionStatus = null
    serviceRegistry = class org.eclipse.osgi.internal.serviceregistry.ServiceRegistry@563235f8
      SERVICEEVENT = 3
      listenerHookName = "org.osgi.framework.hooks.service.ListenerHook"
      publishedServicesByClass = class java.util.HashMap@60ca587f
      allPublishedServices = class java.util.ArrayList@7e686253
      publishedServicesByContext = class java.util.HashMap@71463e75
      serviceid = 681
      serviceEventListeners = class java.util.LinkedHashMap@51cf2c73
      initialCapacity = 50
      initialSubCapacity = 10
      container = class org.eclipse.osgi.internal.framework.EquinoxContainer@7bd17f11
      systemBundleContext = class org.eclipse.osgi.internal.framework.BundleContextImpl@942a29c
      debug = class org.eclipse.osgi.internal.debug.Debug@2b0f0563
      $assertionsDisabled = true
    contextFinder = class org.eclipse.osgi.internal.framework.ContextFinder@44a948
      cycleDetector = class java.lang.ThreadLocal@5268e46c
      finderClassLoader = class com.ibm.ws.kernel.internal.classloader.BootstrapChildFirstJarClassloader@4f933fd1
      contextFinder = class org.eclipse.osgi.internal.framework.ContextFinder$Finder@68473a98
      THIS = class java.lang.Class@741a8937
      parentContextClassLoader = class sun.misc.Launcher$AppClassLoader@4e0e2f2a
      parent = class sun.misc.Launcher$AppClassLoader@4e0e2f2a
      parallelLockMap = null
      package2certs = class java.util.Hashtable@7f98094f
      nocerts = class java.security.cert.Certificate[0]
      classes = class java.util.Vector@29a4a5d8
      defaultDomain = class java.security.ProtectionDomain@3cfa6f04
      packages = class java.util.HashMap@6db801f9
      scl = class sun.misc.Launcher$AppClassLoader@4e0e2f2a
      sclSet = true
      loadedLibraryNames = class java.util.Vector@308bc1e1
      systemNativeLibraries = class java.util.Vector@6235c5c
      nativeLibraries = class java.util.Vector@5255bf70
      nativeLibraryContext = class java.util.Stack@144d6649
      usr_paths = class java.lang.String[22]
      sys_paths = class java.lang.String[1]
      assertionLock = class org.eclipse.osgi.internal.framework.ContextFinder@44a948
      defaultAssertionStatus = false
      packageAssertionStatus = null
      classAssertionStatus = null
    signedContentFactory = class org.osgi.util.tracker.ServiceTracker@3a563cb0
      DEBUG = false
      context = class org.eclipse.osgi.internal.framework.BundleContextImpl@942a29c
      filter = class org.eclipse.osgi.internal.framework.FilterImpl$Equal@1ac0a310
      customizer = class org.osgi.util.tracker.ServiceTracker@3a563cb0
      listenerFilter = "(objectClass=org.eclipse.osgi.signedcontent.SignedContentFactory)"
      trackClass = "org.eclipse.osgi.signedcontent.SignedContentFactory"
      trackReference = null
      tracked = class org.osgi.util.tracker.ServiceTracker$Tracked@7b0a12fa
      cachedReference = null
      cachedService = null
    executor = class java.util.concurrent.ScheduledThreadPoolExecutor@42f8d577
      continueExistingPeriodicTasksAfterShutdown = false
      executeExistingDelayedTasksAfterShutdown = true
      removeOnCancel = false
      sequencer = class java.util.concurrent.atomic.AtomicLong@1c24e411
      ctl = class java.util.concurrent.atomic.AtomicInteger@63f576da
      COUNT_BITS = 29
      CAPACITY = 536870911
      RUNNING = -536870912
      SHUTDOWN = 0
      STOP = 536870912
      TIDYING = 1073741824
      TERMINATED = 1610612736
      workQueue = class java.util.concurrent.ScheduledThreadPoolExecutor$DelayedWorkQueue@27368f51
      mainLock = class java.util.concurrent.locks.ReentrantLock@62adf98d
      workers = class java.util.HashSet@59928da5
      termination = class java.util.concurrent.locks.AbstractQueuedSynchronizer$ConditionObject@111973eb
      largestPoolSize = 1
      completedTaskCount = 0
      threadFactory = class org.eclipse.osgi.internal.framework.EquinoxContainer@7bd17f11
      handler = class java.util.concurrent.ThreadPoolExecutor$AbortPolicy@2c63a9e
      keepAliveTime = 0
      allowCoreThreadTimeOut = false
      corePoolSize = 1
      maximumPoolSize = 2147483647
      defaultHandler = class java.util.concurrent.ThreadPoolExecutor$AbortPolicy@2c63a9e
      shutdownPerm = class java.lang.RuntimePermission@f2adada
      acc = null
      ONLY_ONE = true
      $assertionsDisabled = true
    storageSaver = class org.eclipse.osgi.internal.framework.StorageSaver@6a1d513
      container = class org.eclipse.osgi.internal.framework.EquinoxContainer@7bd17f11
      delay = 30000
      future = class java.util.concurrent.ScheduledThreadPoolExecutor$ScheduledFutureTask@5ec723f1
      hook = class java.lang.Thread@2805d709
      task = class org.eclipse.osgi.internal.framework.StorageSaver$StorageSaverTask@1ea2a7b2
  module = class org.eclipse.osgi.internal.framework.EquinoxBundle$EquinoxModule@2a3d7909
    this$0 = class org.eclipse.osgi.internal.framework.EquinoxBundle@68662674
    ACTIVE_SET = class java.util.RegularEnumSet@20b09088
      serialVersionUID = 3411599620347842686
      elements = 60
      elementType = class java.lang.Class@35083305
      universe = class org.eclipse.osgi.container.Module$State[7]
      ZERO_LENGTH_ENUM_ARRAY = class java.lang.Enum[0]
      MAX_ARRAY_SIZE = 2147483639
    RESOLVED_SET = class java.util.RegularEnumSet@8ff761c
      serialVersionUID = 3411599620347842686
      elements = 62
      elementType = class java.lang.Class@35083305
      universe = class org.eclipse.osgi.container.Module$State[7]
      ZERO_LENGTH_ENUM_ARRAY = class java.lang.Enum[0]
      MAX_ARRAY_SIZE = 2147483639
    id = 81
    location = "feature@reference:file:/D:/Facultate/Tehnologii%20Java/lab11/service-a/target/liberty/wlp/lib/com.ibm.ws.jpa.container_1.0.59.jar"
    revisions = class org.eclipse.osgi.container.ModuleRevisions@31d778f
      monitor = class java.lang.Object@3bc16a1c
      module = class org.eclipse.osgi.internal.framework.EquinoxBundle$EquinoxModule@2a3d7909
      container = class org.eclipse.osgi.container.ModuleContainer@58369c43
      revisions = class java.util.ArrayList@708f82cc
      uninstalled = false
      uninstalledCurrent = null
    stateChangeLock = class org.eclipse.osgi.internal.container.EquinoxReentrantLock@7be8bc1d
      serialVersionUID = 1
      serialVersionUID = 7373984872572414699
      sync = class java.util.concurrent.locks.ReentrantLock$NonfairSync@1655f55
    stateTransitionEvents = class java.util.RegularEnumSet@3a5c7758
      serialVersionUID = 3411599620347842686
      elements = 0
      elementType = class java.lang.Class@3ce1e309
      universe = class org.eclipse.osgi.container.ModuleContainerAdaptor$ModuleEvent[10]
      ZERO_LENGTH_ENUM_ARRAY = class java.lang.Enum[0]
      MAX_ARRAY_SIZE = 2147483639
    settings = class java.util.RegularEnumSet@61da2923
      serialVersionUID = 3411599620347842686
      elements = 7
      elementType = class java.lang.Class@6572421
      universe = class org.eclipse.osgi.container.Module$Settings[3]
      ZERO_LENGTH_ENUM_ARRAY = class java.lang.Enum[0]
      MAX_ARRAY_SIZE = 2147483639
    inStart = class java.util.concurrent.atomic.AtomicInteger@9938b98
      serialVersionUID = 6214790243416807050
      unsafe = class sun.misc.Unsafe@5d4a619
      valueOffset = 12
      value = 0
      serialVersionUID = -8742448824652078965
    state = class org.eclipse.osgi.container.Module$State@5e081af
      INSTALLED = class org.eclipse.osgi.container.Module$State@4298813f
      RESOLVED = class org.eclipse.osgi.container.Module$State@18c424ac
      LAZY_STARTING = class org.eclipse.osgi.container.Module$State@2b65efe0
      STARTING = class org.eclipse.osgi.container.Module$State@72c01c5c
      ACTIVE = class org.eclipse.osgi.container.Module$State@5e081af
      STOPPING = class org.eclipse.osgi.container.Module$State@74d7fa42
      UNINSTALLED = class org.eclipse.osgi.container.Module$State@4d8f4130
      ENUM$VALUES = class org.eclipse.osgi.container.Module$State[7]
      name = "ACTIVE"
      ordinal = 4
    startlevel = 12
    lastModified = 1641497749502
    VALID_RESOLVED_TRANSITION = class java.util.RegularEnumSet@e001da5
      serialVersionUID = 3411599620347842686
      elements = 8
      elementType = class java.lang.Class@3ce1e309
      universe = class org.eclipse.osgi.container.ModuleContainerAdaptor$ModuleEvent[10]
      ZERO_LENGTH_ENUM_ARRAY = class java.lang.Enum[0]
      MAX_ARRAY_SIZE = 2147483639
    VALID_STOPPED_TRANSITION = class java.util.RegularEnumSet@10817dd2
      serialVersionUID = 3411599620347842686
      elements = 896
      elementType = class java.lang.Class@3ce1e309
      universe = class org.eclipse.osgi.container.ModuleContainerAdaptor$ModuleEvent[10]
      ZERO_LENGTH_ENUM_ARRAY = class java.lang.Enum[0]
      MAX_ARRAY_SIZE = 2147483639
    $SWITCH_TABLE$org$eclipse$osgi$container$ModuleContainerAdaptor$ModuleEvent = {1,2,3,4,5,6,7,8,9,10} /* array length = 10 */
  monitor = class java.lang.Object@1af824b4
  context = class org.eclipse.osgi.internal.framework.BundleContextImpl@47b6a84a
    valid = true
    bundle = class org.eclipse.osgi.internal.framework.EquinoxBundle@68662674
    container = class org.eclipse.osgi.internal.framework.EquinoxContainer@7bd17f11
    debug = class org.eclipse.osgi.internal.debug.Debug@2b0f0563
      ECLIPSE_OSGI = "org.eclipse.osgi"
      OPTION_DEBUG_GENERAL = "org.eclipse.osgi/debug"
      OPTION_DEBUG_BUNDLE_TIME = "org.eclipse.osgi/debug/bundleTime"
      OPTION_DEBUG_BUNDLE_START_TIME = "org.eclipse.osgi/debug/bundleStartTime"
      OPTION_DEBUG_LOADER = "org.eclipse.osgi/debug/loader"
      OPTION_DEBUG_STORAGE = "org.eclipse.osgi/debug/storage"
      OPTION_DEBUG_EVENTS = "org.eclipse.osgi/debug/events"
      OPTION_DEBUG_SERVICES = "org.eclipse.osgi/debug/services"
      OPTION_DEBUG_HOOKS = "org.eclipse.osgi/debug/hooks"
      OPTION_DEBUG_MANIFEST = "org.eclipse.osgi/debug/manifest"
      OPTION_DEBUG_FILTER = "org.eclipse.osgi/debug/filter"
      OPTION_DEBUG_SECURITY = "org.eclipse.osgi/debug/security"
      OPTION_DEBUG_STARTLEVEL = "org.eclipse.osgi/debug/startlevel"
      OPTION_DEBUG_PACKAGEADMIN = "org.eclipse.osgi/debug/packageadmin"
      OPTION_DEBUG_PACKAGEADMIN_TIMING = "org.eclipse.osgi/debug/packageadmin/timing"
      OPTION_MONITOR_ACTIVATION = "org.eclipse.osgi/monitor/activation"
      OPTION_MONITOR_LAZY = "org.eclipse.osgi/monitor/lazy"
      OPTION_DEBUG_MESSAGE_BUNDLES = "org.eclipse.osgi/debug/messageBundles"
      OPTION_DEBUG_LOCATION = "org.eclipse.osgi/debug/location"
      OPTION_CACHED_MANIFEST = "org.eclipse.osgi/debug/cachedmanifest"
      OPTION_DEBUG_SYSTEM_BUNDLE = "org.eclipse.osgi/debug/systemBundle"
      OPTION_DEBUG_BUNDLE_FILE = "org.eclipse.osgi/debug/bundleFile"
      OPTION_DEBUG_BUNDLE_FILE_OPEN = "org.eclipse.osgi/debug/bundleFile/open"
      OPTION_DEBUG_BUNDLE_FILE_CLOSE = "org.eclipse.osgi/debug/bundleFile/close"
      DEBUG_GENERAL = false
      DEBUG_BUNDLE_TIME = false
      DEBUG_LOADER = false
      DEBUG_STORAGE = false
      DEBUG_EVENTS = false
      DEBUG_SERVICES = false
      DEBUG_HOOKS = false
      DEBUG_MANIFEST = false
      DEBUG_FILTER = false
      DEBUG_SECURITY = false
      DEBUG_STARTLEVEL = false
      DEBUG_PACKAGEADMIN = false
      DEBUG_PACKAGEADMIN_TIMING = false
      DEBUG_MESSAGE_BUNDLES = false
      MONITOR_ACTIVATION = false
      DEBUG_LOCATION = false
      DEBUG_CACHED_MANIFEST = false
      DEBUG_SYSTEM_BUNDLE = false
      DEBUG_BUNDLE_FILE = false
      DEBUG_BUNDLE_FILE_OPEN = false
      DEBUG_BUNDLE_FILE_CLOSE = false
      out = class com.ibm.ws.logging.internal.impl.BaseTraceService$TeePrintStream@4cdf8547
    servicesInUse = class java.util.HashMap@37a5c6e3
      serialVersionUID = 362498820763181265
      DEFAULT_INITIAL_CAPACITY = 16
      MAXIMUM_CAPACITY = 1073741824
      DEFAULT_LOAD_FACTOR = 0.75
      TREEIFY_THRESHOLD = 8
      UNTREEIFY_THRESHOLD = 6
      MIN_TREEIFY_CAPACITY = 64
      table = class java.util.HashMap$Node[16]
      entrySet = null
      size = 8
      modCount = 26
      threshold = 12
      loadFactor = 0.75
      keySet = null
      values = null
    activator = null
    contextLock = class java.lang.Object@6e9a81f8
  signerInfos = null
  $SWITCH_TABLE$org$eclipse$osgi$container$Module$State = {1,2,3,4,5,6,7} /* array length = 7 */

Dump of objectArray[1]
Object type = org.eclipse.osgi.internal.serviceregistry.ServiceRegistrationImpl
  registry = class org.eclipse.osgi.internal.serviceregistry.ServiceRegistry@563235f8
    SERVICEEVENT = 3
    listenerHookName = "org.osgi.framework.hooks.service.ListenerHook"
    publishedServicesByClass = class java.util.HashMap@60ca587f
      serialVersionUID = 362498820763181265
      DEFAULT_INITIAL_CAPACITY = 16
      MAXIMUM_CAPACITY = 1073741824
      DEFAULT_LOAD_FACTOR = 0.75
      TREEIFY_THRESHOLD = 8
      UNTREEIFY_THRESHOLD = 6
      MIN_TREEIFY_CAPACITY = 64
      table = class java.util.HashMap$Node[1024]
      entrySet = null
      size = 415
      modCount = 415
      threshold = 768
      loadFactor = 0.75
      keySet = null
      values = null
    allPublishedServices = class java.util.ArrayList@7e686253
      serialVersionUID = 8683452581122892189
      DEFAULT_CAPACITY = 10
      EMPTY_ELEMENTDATA = class java.lang.Object[0]
      DEFAULTCAPACITY_EMPTY_ELEMENTDATA = class java.lang.Object[0]
      elementData = class java.lang.Object[850]
      size = 671
      MAX_ARRAY_SIZE = 2147483639
      modCount = 689
      MAX_ARRAY_SIZE = 2147483639
    publishedServicesByContext = class java.util.HashMap@71463e75
      serialVersionUID = 362498820763181265
      DEFAULT_INITIAL_CAPACITY = 16
      MAXIMUM_CAPACITY = 1073741824
      DEFAULT_LOAD_FACTOR = 0.75
      TREEIFY_THRESHOLD = 8
      UNTREEIFY_THRESHOLD = 6
      MIN_TREEIFY_CAPACITY = 64
      table = class java.util.HashMap$Node[256]
      entrySet = null
      size = 170
      modCount = 170
      threshold = 192
      loadFactor = 0.75
      keySet = null
      values = null
    serviceid = 681
    serviceEventListeners = class java.util.LinkedHashMap@51cf2c73
      serialVersionUID = 3801124242820219131
      head = class java.util.LinkedHashMap$Entry@4b072de3
      tail = class java.util.LinkedHashMap$Entry@41c75938
      accessOrder = false
      serialVersionUID = 362498820763181265
      DEFAULT_INITIAL_CAPACITY = 16
      MAXIMUM_CAPACITY = 1073741824
      DEFAULT_LOAD_FACTOR = 0.75
      TREEIFY_THRESHOLD = 8
      UNTREEIFY_THRESHOLD = 6
      MIN_TREEIFY_CAPACITY = 64
      table = class java.util.HashMap$Node[256]
      entrySet = class java.util.LinkedHashMap$LinkedEntrySet@335b223b
      size = 162
      modCount = 162
      threshold = 192
      loadFactor = 0.75
      keySet = null
      values = null
    initialCapacity = 50
    initialSubCapacity = 10
    container = class org.eclipse.osgi.internal.framework.EquinoxContainer@7bd17f11
      NAME = "org.eclipse.osgi"
      secureAction = class org.eclipse.osgi.framework.util.SecureAction@5f5cb492
      connectModules = class org.eclipse.osgi.internal.framework.EquinoxContainer$ConnectModules@29dc157d
      equinoxConfig = class org.eclipse.osgi.internal.framework.EquinoxConfiguration@1bdfa94a
      logServices = class org.eclipse.osgi.internal.log.EquinoxLogServices@7ecaae73
      storage = class org.eclipse.osgi.storage.Storage@44886d1c
      bootDelegation = class java.util.HashSet@db6ef0d
      bootDelegationStems = class java.lang.String[12]
      bootDelegateAll = false
      isProcessClassRecursionSupportedByAll = false
      eventPublisher = class org.eclipse.osgi.internal.framework.EquinoxEventPublisher@40d71035
      monitor = class java.lang.Object@473075be
      bootLoader = class org.eclipse.osgi.internal.framework.EquinoxContainer$1@7d4434d2
      serviceRegistry = class org.eclipse.osgi.internal.serviceregistry.ServiceRegistry@563235f8
      contextFinder = class org.eclipse.osgi.internal.framework.ContextFinder@44a948
      signedContentFactory = class org.osgi.util.tracker.ServiceTracker@3a563cb0
      executor = class java.util.concurrent.ScheduledThreadPoolExecutor@42f8d577
      storageSaver = class org.eclipse.osgi.internal.framework.StorageSaver@6a1d513
    systemBundleContext = class org.eclipse.osgi.internal.framework.BundleContextImpl@942a29c
      valid = true
      bundle = class org.eclipse.osgi.internal.framework.EquinoxBundle$SystemBundle@4686afc2
      container = class org.eclipse.osgi.internal.framework.EquinoxContainer@7bd17f11
      debug = class org.eclipse.osgi.internal.debug.Debug@2b0f0563
      servicesInUse = class java.util.HashMap@6620996
      activator = class org.eclipse.osgi.internal.framework.SystemBundleActivator@6a544c31
      contextLock = class java.lang.Object@4a4becd4
    debug = class org.eclipse.osgi.internal.debug.Debug@2b0f0563
      ECLIPSE_OSGI = "org.eclipse.osgi"
      OPTION_DEBUG_GENERAL = "org.eclipse.osgi/debug"
      OPTION_DEBUG_BUNDLE_TIME = "org.eclipse.osgi/debug/bundleTime"
      OPTION_DEBUG_BUNDLE_START_TIME = "org.eclipse.osgi/debug/bundleStartTime"
      OPTION_DEBUG_LOADER = "org.eclipse.osgi/debug/loader"
      OPTION_DEBUG_STORAGE = "org.eclipse.osgi/debug/storage"
      OPTION_DEBUG_EVENTS = "org.eclipse.osgi/debug/events"
      OPTION_DEBUG_SERVICES = "org.eclipse.osgi/debug/services"
      OPTION_DEBUG_HOOKS = "org.eclipse.osgi/debug/hooks"
      OPTION_DEBUG_MANIFEST = "org.eclipse.osgi/debug/manifest"
      OPTION_DEBUG_FILTER = "org.eclipse.osgi/debug/filter"
      OPTION_DEBUG_SECURITY = "org.eclipse.osgi/debug/security"
      OPTION_DEBUG_STARTLEVEL = "org.eclipse.osgi/debug/startlevel"
      OPTION_DEBUG_PACKAGEADMIN = "org.eclipse.osgi/debug/packageadmin"
      OPTION_DEBUG_PACKAGEADMIN_TIMING = "org.eclipse.osgi/debug/packageadmin/timing"
      OPTION_MONITOR_ACTIVATION = "org.eclipse.osgi/monitor/activation"
      OPTION_MONITOR_LAZY = "org.eclipse.osgi/monitor/lazy"
      OPTION_DEBUG_MESSAGE_BUNDLES = "org.eclipse.osgi/debug/messageBundles"
      OPTION_DEBUG_LOCATION = "org.eclipse.osgi/debug/location"
      OPTION_CACHED_MANIFEST = "org.eclipse.osgi/debug/cachedmanifest"
      OPTION_DEBUG_SYSTEM_BUNDLE = "org.eclipse.osgi/debug/systemBundle"
      OPTION_DEBUG_BUNDLE_FILE = "org.eclipse.osgi/debug/bundleFile"
      OPTION_DEBUG_BUNDLE_FILE_OPEN = "org.eclipse.osgi/debug/bundleFile/open"
      OPTION_DEBUG_BUNDLE_FILE_CLOSE = "org.eclipse.osgi/debug/bundleFile/close"
      DEBUG_GENERAL = false
      DEBUG_BUNDLE_TIME = false
      DEBUG_LOADER = false
      DEBUG_STORAGE = false
      DEBUG_EVENTS = false
      DEBUG_SERVICES = false
      DEBUG_HOOKS = false
      DEBUG_MANIFEST = false
      DEBUG_FILTER = false
      DEBUG_SECURITY = false
      DEBUG_STARTLEVEL = false
      DEBUG_PACKAGEADMIN = false
      DEBUG_PACKAGEADMIN_TIMING = false
      DEBUG_MESSAGE_BUNDLES = false
      MONITOR_ACTIVATION = false
      DEBUG_LOCATION = false
      DEBUG_CACHED_MANIFEST = false
      DEBUG_SYSTEM_BUNDLE = false
      DEBUG_BUNDLE_FILE = false
      DEBUG_BUNDLE_FILE_OPEN = false
      DEBUG_BUNDLE_FILE_CLOSE = false
      out = class com.ibm.ws.logging.internal.impl.BaseTraceService$TeePrintStream@4cdf8547
    $assertionsDisabled = true
  context = class org.eclipse.osgi.internal.framework.BundleContextImpl@766f4284
    valid = true
    bundle = class org.eclipse.osgi.internal.framework.EquinoxBundle@4485548f
    container = class org.eclipse.osgi.internal.framework.EquinoxContainer@7bd17f11
    debug = class org.eclipse.osgi.internal.debug.Debug@2b0f0563
    servicesInUse = class java.util.HashMap@14c9fc29
      serialVersionUID = 362498820763181265
      DEFAULT_INITIAL_CAPACITY = 16
      MAXIMUM_CAPACITY = 1073741824
      DEFAULT_LOAD_FACTOR = 0.75
      TREEIFY_THRESHOLD = 8
      UNTREEIFY_THRESHOLD = 6
      MIN_TREEIFY_CAPACITY = 64
      table = class java.util.HashMap$Node[16]
      entrySet = null
      size = 4
      modCount = 16
      threshold = 12
      loadFactor = 0.75
      keySet = null
      values = null
    activator = null
    contextLock = class java.lang.Object@742f0519
  bundle = class org.eclipse.osgi.internal.framework.EquinoxBundle@4485548f
    equinoxContainer = class org.eclipse.osgi.internal.framework.EquinoxContainer@7bd17f11
    module = class org.eclipse.osgi.internal.framework.EquinoxBundle$EquinoxModule@64af5aad
      this$0 = class org.eclipse.osgi.internal.framework.EquinoxBundle@4485548f
      ACTIVE_SET = class java.util.RegularEnumSet@20b09088
      RESOLVED_SET = class java.util.RegularEnumSet@8ff761c
      id = 49
      location = "feature@reference:file:/D:/Facultate/Tehnologii%20Java/lab11/service-a/target/liberty/wlp/lib/com.ibm.ws.jdbc_1.0.59.jar"
      revisions = class org.eclipse.osgi.container.ModuleRevisions@67a7bc2f
      stateChangeLock = class org.eclipse.osgi.internal.container.EquinoxReentrantLock@20811f09
      stateTransitionEvents = class java.util.RegularEnumSet@491ff41
      settings = class java.util.RegularEnumSet@77ad2659
      inStart = class java.util.concurrent.atomic.AtomicInteger@2db1aa47
      state = class org.eclipse.osgi.container.Module$State@5e081af
      startlevel = 12
      lastModified = 1641497749433
      VALID_RESOLVED_TRANSITION = class java.util.RegularEnumSet@e001da5
      VALID_STOPPED_TRANSITION = class java.util.RegularEnumSet@10817dd2
      $SWITCH_TABLE$org$eclipse$osgi$container$ModuleContainerAdaptor$ModuleEvent = {1,2,3,4,5,6,7,8,9,10} /* array length = 10 */
    monitor = class java.lang.Object@17c795bc
    context = class org.eclipse.osgi.internal.framework.BundleContextImpl@766f4284
    signerInfos = null
    $SWITCH_TABLE$org$eclipse$osgi$container$Module$State = {1,2,3,4,5,6,7} /* array length = 7 */
  clazzes = class java.lang.String[1]
    String[0] = "javax.sql.DataSource"
  service = class com.ibm.ws.resource.internal.ResourceFactoryTrackerData$1@a3d89c5
    val$ref = class org.eclipse.osgi.internal.serviceregistry.ServiceReferenceImpl@42cffb92
      registration = class org.eclipse.osgi.internal.serviceregistry.ServiceRegistrationImpl@5408f4c9
    this$0 = class com.ibm.ws.resource.internal.ResourceFactoryTrackerData@6c289a39
      JNDI_SERVICENAME = "osgi.jndi.service.name"
      context = class org.eclipse.osgi.internal.framework.BundleContextImpl@766f4284
      registration = class org.eclipse.osgi.internal.serviceregistry.ServiceRegistrationImpl@750b485c
      interfaces = class java.lang.String[1]
      serialVersionUID = 7071819092476537634
      $$$tc$$$ = class com.ibm.websphere.ras.TraceComponent@6edb6c9f
    serialVersionUID = -5395261454852493419
    $$$tc$$$ = class com.ibm.websphere.ras.TraceComponent@10a94617
      strings[0] = "TraceComponent[com.ibm.ws.resource.internal.ResourceFactoryTrackerData$1,class com.ibm.ws.resource.internal.ResourceFactoryTrackerData$1,[resource],com.ibm.ws.resource.internal.resources.Runtime,null]"
  reference = class org.eclipse.osgi.internal.serviceregistry.ServiceReferenceImpl@7fb38cb
    registration = class org.eclipse.osgi.internal.serviceregistry.ServiceRegistrationImpl@750b485c
  contextsUsing = class java.util.ArrayList@2f2a935f
    serialVersionUID = 8683452581122892189
    DEFAULT_CAPACITY = 10
    EMPTY_ELEMENTDATA = class java.lang.Object[0]
    DEFAULTCAPACITY_EMPTY_ELEMENTDATA = class java.lang.Object[0]
    elementData = class java.lang.Object[10]
      Object[0] = class org.eclipse.osgi.internal.framework.BundleContextImpl@47b6a84a
      Object[1] = null
      Object[2] = null
      Object[3] = null
      Object[4] = null
      Object[5] = null
      Object[6] = null
      Object[7] = null
      Object[8] = null
      Object[9] = null
    size = 1
    MAX_ARRAY_SIZE = 2147483639
    modCount = 1
    MAX_ARRAY_SIZE = 2147483639
  properties = class java.util.Collections$UnmodifiableMap@7f3bbb07
    serialVersionUID = -1034234728574286014
    m = class org.eclipse.osgi.internal.serviceregistry.ServiceProperties@3f78feb7
      KEY_SERVICE_OBJECTCLASS = class org.eclipse.osgi.framework.util.CaseInsensitiveDictionaryMap$CaseInsensitiveKey@361371d7
      KEY_SERVICE_BUNDLE_ID = class org.eclipse.osgi.framework.util.CaseInsensitiveDictionaryMap$CaseInsensitiveKey@24889eae
      KEY_SERVICE_CHANGECOUNT = class org.eclipse.osgi.framework.util.CaseInsensitiveDictionaryMap$CaseInsensitiveKey@6f737db0
      KEY_SERVICE_DESCRIPTION = class org.eclipse.osgi.framework.util.CaseInsensitiveDictionaryMap$CaseInsensitiveKey@19e2e666
      KEY_SERVICE_ID = class org.eclipse.osgi.framework.util.CaseInsensitiveDictionaryMap$CaseInsensitiveKey@3452a144
      KEY_SERVICE_PID = class org.eclipse.osgi.framework.util.CaseInsensitiveDictionaryMap$CaseInsensitiveKey@54cf248e
      KEY_SERVICE_RANKING = class org.eclipse.osgi.framework.util.CaseInsensitiveDictionaryMap$CaseInsensitiveKey@20254d5a
      KEY_SERVICE_SCOPE = class org.eclipse.osgi.framework.util.CaseInsensitiveDictionaryMap$CaseInsensitiveKey@2e7a4eee
      KEY_SERVICE_VENDER = class org.eclipse.osgi.framework.util.CaseInsensitiveDictionaryMap$CaseInsensitiveKey@f0382e4
      KEY_COMPONENT_NAME = class org.eclipse.osgi.framework.util.CaseInsensitiveDictionaryMap$CaseInsensitiveKey@22c52cde
      KEY_COMPONENT_ID = class org.eclipse.osgi.framework.util.CaseInsensitiveDictionaryMap$CaseInsensitiveKey@2880ea41
      KEY_METATYPE_PID = class org.eclipse.osgi.framework.util.CaseInsensitiveDictionaryMap$CaseInsensitiveKey@54f1cc81
      KEY_METATYPE_FACTORY_PID = class org.eclipse.osgi.framework.util.CaseInsensitiveDictionaryMap$CaseInsensitiveKey@47766059
      KEY_EVENT_TOPICS = class org.eclipse.osgi.framework.util.CaseInsensitiveDictionaryMap$CaseInsensitiveKey@4c5e17b5
      KEY_EVENT_FILTER = class org.eclipse.osgi.framework.util.CaseInsensitiveDictionaryMap$CaseInsensitiveKey@63233e9d
      KEY_JMX_OBJECTNAME = class org.eclipse.osgi.framework.util.CaseInsensitiveDictionaryMap$CaseInsensitiveKey@39ec63bc
      KEY_JAR_MANIFESTVERSION = class org.eclipse.osgi.framework.util.CaseInsensitiveDictionaryMap$CaseInsensitiveKey@4d6cb870
      KEY_BUNDLE_ACTIVATIONPOLICY = class org.eclipse.osgi.framework.util.CaseInsensitiveDictionaryMap$CaseInsensitiveKey@71b3fdd7
      KEY_BUNDLE_ACTIVATOR = class org.eclipse.osgi.framework.util.CaseInsensitiveDictionaryMap$CaseInsensitiveKey@b1ee2aa
      KEY_BUNDLE_CLASSPATH = class org.eclipse.osgi.framework.util.CaseInsensitiveDictionaryMap$CaseInsensitiveKey@51b581f6
      KEY_BUNDLE_DESCRIPTION = class org.eclipse.osgi.framework.util.CaseInsensitiveDictionaryMap$CaseInsensitiveKey@79b20c88
      KEY_BUNDLE_LICENSE = class org.eclipse.osgi.framework.util.CaseInsensitiveDictionaryMap$CaseInsensitiveKey@17811b2c
      KEY_BUNDLE_LOCALIZATION = class org.eclipse.osgi.framework.util.CaseInsensitiveDictionaryMap$CaseInsensitiveKey@6bf6a0c4
      KEY_BUNDLE_MANIFESTVERSION = class org.eclipse.osgi.framework.util.CaseInsensitiveDictionaryMap$CaseInsensitiveKey@1631267d
      KEY_BUNDLE_NAME = class org.eclipse.osgi.framework.util.CaseInsensitiveDictionaryMap$CaseInsensitiveKey@7f0ebe7f
      KEY_BUNDLE_NATIVECODE = class org.eclipse.osgi.framework.util.CaseInsensitiveDictionaryMap$CaseInsensitiveKey@604982c9
      KEY_BUNDLE_REQUIREDEXECUTIONENVIRONMENT = class org.eclipse.osgi.framework.util.CaseInsensitiveDictionaryMap$CaseInsensitiveKey@3e67ee84
      KEY_BUNDLE_SCM = class org.eclipse.osgi.framework.util.CaseInsensitiveDictionaryMap$CaseInsensitiveKey@21fa25fb
      KEY_BUNDLE_SYMBOLICNAME = class org.eclipse.osgi.framework.util.CaseInsensitiveDictionaryMap$CaseInsensitiveKey@2b8d8afd
      KEY_BUNDLE_VENDOR = class org.eclipse.osgi.framework.util.CaseInsensitiveDictionaryMap$CaseInsensitiveKey@77e1a8f
      KEY_BUNDLE_VERSION = class org.eclipse.osgi.framework.util.CaseInsensitiveDictionaryMap$CaseInsensitiveKey@66cd72a
      KEY_BUNDLE_DYNAMICIMPORT_PACKAGE = class org.eclipse.osgi.framework.util.CaseInsensitiveDictionaryMap$CaseInsensitiveKey@76c9efe1
      KEY_BUNDLE_EXPORT_PACKAGE = class org.eclipse.osgi.framework.util.CaseInsensitiveDictionaryMap$CaseInsensitiveKey@315449a7
      KEY_BUNDLE_FRAGMENT_HOST = class org.eclipse.osgi.framework.util.CaseInsensitiveDictionaryMap$CaseInsensitiveKey@46899760
      KEY_BUNDLE_IMPORT_PACKAGE = class org.eclipse.osgi.framework.util.CaseInsensitiveDictionaryMap$CaseInsensitiveKey@26bcdd1c
      KEY_BUNDLE_REQUIRE_BUNDLE = class org.eclipse.osgi.framework.util.CaseInsensitiveDictionaryMap$CaseInsensitiveKey@1fb388cd
      KEY_BUNDLE_REQUIRE_CAPABILITY = class org.eclipse.osgi.framework.util.CaseInsensitiveDictionaryMap$CaseInsensitiveKey@cb9f3ed
      KEY_BUNDLE_PROVIDE_CAPABILITY = class org.eclipse.osgi.framework.util.CaseInsensitiveDictionaryMap$CaseInsensitiveKey@601478d
      map = class java.util.HashMap@46952e6c
      entrySet = null
      keySet = null
    keySet = null
    entrySet = null
    values = null
  serviceid = 613
  serviceranking = 0
  registrationLock = class java.lang.Object@69f71804
  state = 0
  REGISTERED = 0
  UNREGISTERING = 1
  UNREGISTERED = 2
  FRAMEWORK_SET_SERVICE_PROPERTIES_COUNT = 4
  $assertionsDisabled = true

