------Start of DE processing------ = [1/6/22 21:35:55:454 EET]
Exception = java.sql.SQLNonTransientException
Source = com.ibm.ws.jdbc.DataSourceService
probeid = 587
Stack Dump = java.sql.SQLNonTransientException: DSRA4000E: No implementations of org.postgresql.ds.PGConnectionPoolDataSource are found for dataSource[datasource] with library postgresql-library. The name or location of JDBC driver JAR files might be incorrect or inaccessible. Searched in: []. Searched under packages: [org.postgresql.ds].
	at com.ibm.ws.jdbc.internal.JDBCDriverService.classNotFound(JDBCDriverService.java:224)
	at com.ibm.ws.jdbc.internal.JDBCDriverService.create(JDBCDriverService.java:348)
	at com.ibm.ws.jdbc.internal.JDBCDriverService.createConnectionPoolDataSource(JDBCDriverService.java:563)
	at com.ibm.ws.jdbc.DataSourceService.init(DataSourceService.java:612)
	at com.ibm.ws.jca.cm.AbstractConnectionFactoryService$2.run(AbstractConnectionFactoryService.java:522)
	at com.ibm.ws.jca.cm.AbstractConnectionFactoryService$2.run(AbstractConnectionFactoryService.java:519)
	at java.security.AccessController.doPrivileged(Native Method)
	at com.ibm.ws.jca.cm.AbstractConnectionFactoryService.initPrivileged(AbstractConnectionFactoryService.java:519)
	at com.ibm.ws.jca.cm.AbstractConnectionFactoryService.createResource(AbstractConnectionFactoryService.java:149)
	at com.ibm.ws.resource.internal.ResourceFactoryTrackerData$1.getService(ResourceFactoryTrackerData.java:120)
	at org.eclipse.osgi.internal.serviceregistry.ServiceFactoryUse$1.run(ServiceFactoryUse.java:216)
	at java.security.AccessController.doPrivileged(Native Method)
	at org.eclipse.osgi.internal.serviceregistry.ServiceFactoryUse.factoryGetService(ServiceFactoryUse.java:213)
	at org.eclipse.osgi.internal.serviceregistry.ServiceFactoryUse.getService(ServiceFactoryUse.java:114)
	at org.eclipse.osgi.internal.serviceregistry.ServiceConsumer$2.getService(ServiceConsumer.java:48)
	at org.eclipse.osgi.internal.serviceregistry.ServiceRegistrationImpl.getService(ServiceRegistrationImpl.java:547)
	at org.eclipse.osgi.internal.serviceregistry.ServiceRegistry.getService(ServiceRegistry.java:533)
	at org.eclipse.osgi.internal.framework.BundleContextImpl.getService(BundleContextImpl.java:656)
	at com.ibm.ws.jndi.internal.WSContextFactory.lambda$getService$0(WSContextFactory.java:81)
	at java.security.AccessController.doPrivileged(Native Method)
	at com.ibm.ws.jndi.internal.WSContextFactory.lambda$getService$1(WSContextFactory.java:81)
	at java.util.concurrent.ConcurrentHashMap.computeIfAbsent(ConcurrentHashMap.java:1660)
	at com.ibm.ws.jndi.internal.WSContextFactory.getService(WSContextFactory.java:81)
	at com.ibm.ws.jndi.internal.WSContext.getReference(WSContext.java:520)
	at com.ibm.ws.jndi.internal.WSContext.resolveObject(WSContext.java:139)
	at com.ibm.ws.jndi.internal.WSContext.lookup(WSContext.java:309)
	at com.ibm.ws.jndi.WSContextBase.lookup(WSContextBase.java:61)
	at org.apache.aries.jndi.DelegateContext.lookup(DelegateContext.java:149)
	at javax.naming.InitialContext.lookup(InitialContext.java:417)
	at com.ibm.ws.jpa.container.osgi.internal.OSGiJPAPUnitInfo.lookupDataSource(OSGiJPAPUnitInfo.java:317)
	at com.ibm.ws.jpa.management.JPAPUnitInfo.getJPADataSource(JPAPUnitInfo.java:338)
	at com.ibm.ws.jpa.management.JPAPUnitInfo.getJtaDataSource(JPAPUnitInfo.java:381)
	at com.ibm.ws.jpa.management.JPAPUnitInfo.initialize(JPAPUnitInfo.java:751)
	at com.ibm.ws.jpa.management.JPAPxmlInfo.extractPersistenceUnits(JPAPxmlInfo.java:182)
	at com.ibm.ws.jpa.management.JPAScopeInfo.processPersistenceUnit(JPAScopeInfo.java:88)
	at com.ibm.ws.jpa.management.JPAApplInfo.addPersistenceUnits(JPAApplInfo.java:119)
	at com.ibm.ws.jpa.container.osgi.internal.JPAComponentImpl.processWebModulePersistenceXml(JPAComponentImpl.java:554)
	at com.ibm.ws.jpa.container.osgi.internal.JPAComponentImpl.applicationStarting(JPAComponentImpl.java:341)
	at com.ibm.ws.container.service.state.internal.ApplicationStateManager.fireStarting(ApplicationStateManager.java:51)
	at com.ibm.ws.container.service.state.internal.StateChangeServiceImpl.fireApplicationStarting(StateChangeServiceImpl.java:50)
	at com.ibm.ws.app.manager.module.internal.SimpleDeployedAppInfoBase.preDeployApp(SimpleDeployedAppInfoBase.java:547)
	at com.ibm.ws.app.manager.module.internal.SimpleDeployedAppInfoBase.installApp(SimpleDeployedAppInfoBase.java:508)
	at com.ibm.ws.app.manager.module.internal.DeployedAppInfoBase.deployApp(DeployedAppInfoBase.java:349)
	at com.ibm.ws.app.manager.war.internal.WARApplicationHandlerImpl.install(WARApplicationHandlerImpl.java:65)
	at com.ibm.ws.app.manager.internal.statemachine.StartAction.execute(StartAction.java:149)
	at com.ibm.ws.app.manager.internal.statemachine.ApplicationStateMachineImpl.enterState(ApplicationStateMachineImpl.java:1352)
	at com.ibm.ws.app.manager.internal.statemachine.ApplicationStateMachineImpl.run(ApplicationStateMachineImpl.java:897)
	at com.ibm.ws.threading.internal.ExecutorServiceImpl$RunnableWrapper.run(ExecutorServiceImpl.java:238)
	at java.util.concurrent.ThreadPoolExecutor.runWorker(ThreadPoolExecutor.java:1149)
	at java.util.concurrent.ThreadPoolExecutor$Worker.run(ThreadPoolExecutor.java:624)
	at java.lang.Thread.run(Thread.java:748)
Caused by: java.lang.ClassNotFoundException: org.postgresql.ds.PGConnectionPoolDataSource
	at com.ibm.ws.classloading.internal.AppClassLoader.findClassCommonLibraryClassLoaders(AppClassLoader.java:654)
	at com.ibm.ws.classloading.internal.AppClassLoader.findClass(AppClassLoader.java:296)
	at java.lang.ClassLoader.loadClass(ClassLoader.java:418)
	at com.ibm.ws.classloading.internal.AppClassLoader.findOrDelegateLoadClass(AppClassLoader.java:632)
	at com.ibm.ws.classloading.internal.AppClassLoader.loadClass(AppClassLoader.java:531)
	at java.lang.ClassLoader.loadClass(ClassLoader.java:351)
	at com.ibm.ws.jdbc.internal.JDBCDriverService$1.run(JDBCDriverService.java:272)
	at com.ibm.ws.jdbc.internal.JDBCDriverService$1.run(JDBCDriverService.java:262)
	at java.security.AccessController.doPrivileged(Native Method)
	at com.ibm.ws.jdbc.internal.JDBCDriverService.create(JDBCDriverService.java:262)
	... 49 more

Dump of callerThis
Object type = com.ibm.ws.jdbc.DataSourceService
  tc = class com.ibm.websphere.ras.TraceComponent@455a2c9a
    strings[0] = "TraceComponent[com.ibm.ws.jdbc.DataSourceService,class com.ibm.ws.jdbc.DataSourceService,[RRA],com.ibm.ws.rsadapter.resources.IBMDataStoreAdapterNLS,null]"
  priv = class com.ibm.ws.kernel.service.util.SecureAction@40701aa7
    controlContext = class java.security.AccessControlContext@5fffe73a
      context = class java.security.ProtectionDomain[2]
      isPrivileged = true
      isAuthorized = true
      privilegedContext = null
      combiner = null
      permissions = null
      parent = null
      isWrapped = false
      isLimited = false
      limitedContext = null
      debugInit = false
      debug = null
    bootClassLoader = class com.ibm.ws.kernel.service.util.SecureAction$1$1@54f5f2b9
      this$0 = class com.ibm.ws.kernel.service.util.SecureAction$1@51f9536a
      serialVersionUID = -7098890353587179347
      $$$tc$$$ = class com.ibm.websphere.ras.TraceComponent@41521691
      parent = null
      parallelLockMap = null
      package2certs = class java.util.Hashtable@d78906f
      nocerts = class java.security.cert.Certificate[0]
      classes = class java.util.Vector@4686c234
      defaultDomain = class java.security.ProtectionDomain@5b857623
      packages = class java.util.HashMap@407c1c3a
      scl = class sun.misc.Launcher$AppClassLoader@4e0e2f2a
      sclSet = true
      loadedLibraryNames = class java.util.Vector@308bc1e1
      systemNativeLibraries = class java.util.Vector@6235c5c
      nativeLibraries = class java.util.Vector@94e17b2
      nativeLibraryContext = class java.util.Stack@144d6649
      usr_paths = class java.lang.String[22]
      sys_paths = class java.lang.String[1]
      assertionLock = class com.ibm.ws.kernel.service.util.SecureAction$1$1@54f5f2b9
      defaultAssertionStatus = false
      packageAssertionStatus = null
      classAssertionStatus = null
    getContextClassLoaderAction = class com.ibm.ws.kernel.service.util.SecureAction$29@2e4a0932
      serialVersionUID = 1004559485883092134
      $$$tc$$$ = class com.ibm.websphere.ras.TraceComponent@4af0ab09
    getSystemClassLoaderAction = class com.ibm.ws.kernel.service.util.SecureAction$30@ee2a2d9
      serialVersionUID = -1280454777262235986
      $$$tc$$$ = class com.ibm.websphere.ras.TraceComponent@2041c6e9
  CONNECTION_MANAGER = "connectionManager"
  DATASOURCE = "dataSource"
  FACTORY_PID = "com.ibm.ws.jdbc.dataSource"
  JDBC_DRIVER = "driver"
  SUPPORT_EXTENSIONS = "supportExtensions"
  TARGET_CONNECTION_MANAGER = "connectionManager.target"
  TARGET_CONTAINER_AUTH_DATA = "containerAuthData.target"
  TARGET_JDBC_DRIVER = "driver.target"
  TARGET_RECOVERY_AUTH_DATA = "recoveryAuthData.target"
  UNIQUE_JNDI_NAME = "jndiName.unique"
  DECLARING_APPLICATION = "declaringApplication"
  WPROPS_TO_SKIP = class java.util.HashSet@7e0b7b34
    serialVersionUID = -5024744406713321676
    map = class java.util.HashMap@2b45189f
      serialVersionUID = 362498820763181265
      DEFAULT_INITIAL_CAPACITY = 16
      MAXIMUM_CAPACITY = 1073741824
      DEFAULT_LOAD_FACTOR = 0.75
      TREEIFY_THRESHOLD = 8
      UNTREEIFY_THRESHOLD = 6
      MIN_TREEIFY_CAPACITY = 64
      table = class java.util.HashMap$Node[16]
      entrySet = null
      size = 9
      modCount = 9
      threshold = 12
      loadFactor = 0.75
      keySet = null
      values = null
    PRESENT = class java.lang.Object@45368cb9
    MAX_ARRAY_SIZE = 2147483639
  componentContext = class org.apache.felix.scr.impl.manager.ComponentContextImpl@4780f1df
    m_componentManager = class org.apache.felix.scr.impl.manager.SingleComponentManager@4be305cd
      m_useCount = class java.util.concurrent.atomic.AtomicInteger@67cfef3e
      m_componentContext = class org.apache.felix.scr.impl.manager.ComponentContextImpl@4780f1df
      m_configurationProperties = class java.util.HashMap@358803ec
      m_factoryProperties = null
      m_properties = class java.util.HashMap@77ba8e58
      m_serviceProperties = null
      REASONS = class java.lang.String[7]
      m_container = class org.apache.felix.scr.impl.ComponentRegistry$DefaultConfigurableComponentHolder@b8a5d9f
      m_factoryInstance = false
      m_componentId = 131
      m_componentMethods = class org.apache.felix.scr.impl.inject.internal.ComponentMethodsImpl@5d8331aa
      m_dependencyManagers = class java.util.ArrayList@69250ef6
      m_dependencyManagersInitialized = true
      m_trackingCount = class java.util.concurrent.atomic.AtomicInteger@309ac0e8
      m_stateLock = class java.util.concurrent.locks.ReentrantLock@b8a4d2a
      m_enabledLatchRef = class java.util.concurrent.atomic.AtomicReference@4f403390
      state = class java.util.concurrent.atomic.AtomicReference@e53d630
      m_floor = 4
      m_ceiling = 4
      m_missingLock = class java.util.concurrent.locks.ReentrantLock@68a8ca92
      m_missingCondition = class java.util.concurrent.locks.AbstractQueuedSynchronizer$ConditionObject@319239b0
      m_missing = class java.util.TreeSet@7f0040a1
      m_activationLock = class java.util.concurrent.locks.ReentrantReadWriteLock@6f72eb27
      failureReason = null
      taskCounter = class java.util.concurrent.atomic.AtomicLong@41a04001
      registrationManager = class org.apache.felix.scr.impl.manager.AbstractComponentManager$3@61dfae3c
    edgeInfos = class org.apache.felix.scr.impl.manager.EdgeInfo[8]
      EdgeInfo[0] = class org.apache.felix.scr.impl.manager.EdgeInfo@444755c5
      EdgeInfo[1] = class org.apache.felix.scr.impl.manager.EdgeInfo@57d79258
      EdgeInfo[2] = class org.apache.felix.scr.impl.manager.EdgeInfo@394144da
      EdgeInfo[3] = class org.apache.felix.scr.impl.manager.EdgeInfo@329d0f54
      EdgeInfo[4] = class org.apache.felix.scr.impl.manager.EdgeInfo@4c0a8dbf
      EdgeInfo[5] = class org.apache.felix.scr.impl.manager.EdgeInfo@27248334
      EdgeInfo[6] = class org.apache.felix.scr.impl.manager.EdgeInfo@1470649e
      EdgeInfo[7] = class org.apache.felix.scr.impl.manager.EdgeInfo@4ecd3eeb
    m_componentInstance = class org.apache.felix.scr.impl.manager.ComponentContextImpl$ComponentInstanceImpl@70c51a74
      m_componentContext = class org.apache.felix.scr.impl.manager.ComponentContextImpl@4780f1df
    m_usingBundle = class org.eclipse.osgi.internal.framework.EquinoxBundle@4485548f
      equinoxContainer = class org.eclipse.osgi.internal.framework.EquinoxContainer@7bd17f11
      module = class org.eclipse.osgi.internal.framework.EquinoxBundle$EquinoxModule@64af5aad
      monitor = class java.lang.Object@17c795bc
      context = class org.eclipse.osgi.internal.framework.BundleContextImpl@766f4284
      signerInfos = null
      $SWITCH_TABLE$org$eclipse$osgi$container$Module$State = {1,2,3,4,5,6,7} /* array length = 7 */
    m_serviceRegistration = class org.eclipse.osgi.internal.serviceregistry.ServiceRegistrationImpl@5408f4c9
      registry = class org.eclipse.osgi.internal.serviceregistry.ServiceRegistry@563235f8
      context = class org.eclipse.osgi.internal.framework.BundleContextImpl@766f4284
      bundle = class org.eclipse.osgi.internal.framework.EquinoxBundle@4485548f
      clazzes = class java.lang.String[4]
      service = class org.apache.felix.scr.impl.manager.SingleComponentManager@4be305cd
      reference = class org.eclipse.osgi.internal.serviceregistry.ServiceReferenceImpl@42cffb92
      contextsUsing = class java.util.ArrayList@6552bf46
      properties = class java.util.Collections$UnmodifiableMap@2208dbe1
      serviceid = 612
      serviceranking = 0
      registrationLock = class java.lang.Object@163923e0
      state = 0
      REGISTERED = 0
      UNREGISTERING = 1
      UNREGISTERED = 2
      FRAMEWORK_SET_SERVICE_PROPERTIES_COUNT = 4
      $assertionsDisabled = true
    m_implementationObject = class com.ibm.ws.jdbc.DataSourceService@7c48ab68
    m_implementationAccessible = true
    accessibleLatch = class java.util.concurrent.CountDownLatch@1e71391
      sync = class java.util.concurrent.CountDownLatch$Sync@44d56c40
    serviceObjectsHelper = class org.apache.felix.scr.impl.helper.ComponentServiceObjectsHelper@52f9a30d
      bundleContext = class org.eclipse.osgi.internal.framework.BundleContextImpl@766f4284
      services = class java.util.concurrent.ConcurrentHashMap@4ae814c2
      closedServices = class java.util.ArrayList@1a0e983e
      prototypeInstances = class java.util.concurrent.ConcurrentHashMap@510f2d17
    boundValues = null
  connectorSvc = class com.ibm.ejs.j2c.ConnectorServiceImpl@7cd3df50
    tc = class com.ibm.websphere.ras.TraceComponent@3d9febfa
      strings[0] = "TraceComponent[com.ibm.ejs.j2c.ConnectorServiceImpl,class com.ibm.ejs.j2c.ConnectorServiceImpl,[WAS.j2c],com.ibm.ws.jca.cm.internal.resources.J2CAMessages,null]"
    authDataServiceRef = class com.ibm.wsspi.kernel.service.utils.AtomicServiceReference@fe69d56
      referenceName = "authDataService"
      tuple = class java.util.concurrent.atomic.AtomicReference@1c27efee
      serialVersionUID = 2226592364007985000
      $$$tc$$$ = class com.ibm.websphere.ras.TraceComponent@77163058
    classLoaderIdentifierService = class com.ibm.ws.classloading.internal.ClassLoadingServiceImpl@d741b7b
      tc = class com.ibm.websphere.ras.TraceComponent@291a8182
      leakDetectionMap = class java.util.HashMap@39692682
      appClassLoaders = class java.util.Collections$SetFromMap@278d7930
      TCCL_LOCK_WAIT = 15000
      REFERENCE_GENERATORS = "generators"
      bundleContext = class org.eclipse.osgi.internal.framework.BundleContextImpl@452bd6cc
      aclStore = class com.ibm.ws.classloading.internal.util.CanonicalStore@ccc6208
      tcclStore = class com.ibm.ws.classloading.internal.util.CanonicalStore@423838a2
      tcclStoreLock = class java.util.concurrent.locks.ReentrantLock@32954b51
      digraph = class org.eclipse.equinox.internal.region.StandardRegionDigraph@7e9df0ca
      redefiner = class com.ibm.ws.classloading.internal.util.ClassRedefiner@112e0133
      listener = class com.ibm.ws.classloading.internal.ClassLoadingServiceImpl$1@12d0d69c
      classloaders = class java.util.Collections$SynchronizedMap@a87d854
      resourceProviders = class com.ibm.ws.classloading.internal.CompositeResourceProvider@1b0d726e
      rememberedBundles = class java.util.concurrent.ConcurrentHashMap@7a4bcfa5
      collectedBundles = class java.lang.ref.ReferenceQueue@6ebb9246
      generatorRefs = class com.ibm.wsspi.kernel.service.utils.ConcurrentServiceReferenceSet@5a4ab2bd
      generatorManager = class com.ibm.ws.classloading.internal.ClassGeneratorManager@2aa42598
      appExtLibs = class java.util.concurrent.CopyOnWriteArrayList@eb6f18e
      globalConfig = class com.ibm.ws.classloading.configuration.GlobalClassloadingConfiguration@3cad7bbc
      metaInfServicesProviders = class java.util.concurrent.ConcurrentHashMap@337df9ce
      metaInfServicesRefs = class com.ibm.wsspi.kernel.service.utils.ConcurrentServiceReferenceMap@38fe92dc
      protectionDomainMap = class java.util.HashMap@17d2ecc
      metadataIdentifierService = class com.ibm.ws.container.service.metadata.internal.MetaDataServiceImpl@565ad5c4
      globalSharedLibrary = class java.util.concurrent.atomic.AtomicReference@a35f548
      serialVersionUID = 4365026902615131286
    deferrableSchedXSvcRef = class com.ibm.wsspi.kernel.service.utils.AtomicServiceReference@21a483b7
      referenceName = "deferrableScheduledExecutor"
      tuple = class java.util.concurrent.atomic.AtomicReference@b3c9822
      serialVersionUID = 2226592364007985000
      $$$tc$$$ = class com.ibm.websphere.ras.TraceComponent@77163058
    execSvcRef = class com.ibm.wsspi.kernel.service.utils.AtomicServiceReference@6ef464b0
      referenceName = "executor"
      tuple = class java.util.concurrent.atomic.AtomicReference@5bcf6b65
      serialVersionUID = 2226592364007985000
      $$$tc$$$ = class com.ibm.websphere.ras.TraceComponent@77163058
    isHeritageEnabled = false
    nonDeferrableSchedXSvcRef = class com.ibm.wsspi.kernel.service.utils.AtomicServiceReference@55435815
      referenceName = "nonDeferrableScheduledExecutor"
      tuple = class java.util.concurrent.atomic.AtomicReference@665ba13c
      serialVersionUID = 2226592364007985000
      $$$tc$$$ = class com.ibm.websphere.ras.TraceComponent@77163058
    rrsXAResFactorySvcRef = class com.ibm.wsspi.kernel.service.utils.AtomicServiceReference@78413e05
      referenceName = "rRSXAResourceFactory"
      tuple = class java.util.concurrent.atomic.AtomicReference@3ffc642e
      serialVersionUID = 2226592364007985000
      $$$tc$$$ = class com.ibm.websphere.ras.TraceComponent@77163058
    transactionManager = class com.ibm.ws.transaction.services.TransactionManagerService@7d7da381
      tc = class com.ibm.websphere.ras.TraceComponent@24aab3a0
      isClient = false
      isStarted = class java.util.concurrent.atomic.AtomicBoolean@4e112e1c
      xaFlowCallbacksInitialised = true
      _bundleContext = class org.eclipse.osgi.internal.framework.BundleContextImpl@549521fb
      serialVersionUID = -421761057308040045
    variableRegistrySvcRef = class com.ibm.wsspi.kernel.service.utils.AtomicServiceReference@30e1997a
      referenceName = "variableRegistry"
      tuple = class java.util.concurrent.atomic.AtomicReference@783afdd5
      serialVersionUID = 2226592364007985000
      $$$tc$$$ = class com.ibm.websphere.ras.TraceComponent@77163058
    tc = class com.ibm.websphere.ras.TraceComponent@252addbf
      strings[0] = "TraceComponent[com.ibm.ws.jca.cm.ConnectorService,class com.ibm.ws.jca.cm.ConnectorService,[WAS.j2c],com.ibm.ws.jca.cm.internal.resources.J2CAMessages,null]"
    NLS = class com.ibm.ejs.ras.TraceNLS@7f2dec83
      resolver = class com.ibm.ws.logging.internal.TraceNLSResolver@2ebf855e
      finder = class com.ibm.ws.logging.internal.StackFinder@1a2b1b6e
      ivBundleName = "com.ibm.ws.jca.cm.internal.resources.J2CAMessages"
      caller = class java.lang.Class@306d807d
  dsConfigRef = class java.util.concurrent.atomic.AtomicReference@3cb6574f
    serialVersionUID = -1848883965231344442
    unsafe = class sun.misc.Unsafe@5d4a619
    valueOffset = 12
    value = null
  vendorImplClassName = null
  destroyWasDeferred = false
  embDerbyRefCount = class java.util.concurrent.ConcurrentLinkedQueue@19414936
    serialVersionUID = 196745693267521676
    head = class java.util.concurrent.ConcurrentLinkedQueue$Node@2e844208
      item = null
      next = null
      UNSAFE = class sun.misc.Unsafe@5d4a619
      itemOffset = 12
      nextOffset = 16
    tail = class java.util.concurrent.ConcurrentLinkedQueue$Node@2e844208
    UNSAFE = class sun.misc.Unsafe@5d4a619
    headOffset = 12
    tailOffset = 16
    MAX_ARRAY_SIZE = 2147483639
  id = "dataSource[datasource]"
  isDerbyEmbedded = false
  isUCP = false
  sentUCPConnMgrPropsIgnoredInfoMessage = false
  sentUCPDataSourcePropsIgnoredInfoMessage = false
  jdbcDriverSvc = class com.ibm.ws.jdbc.internal.JDBCDriverService@598f5dc8
    tc = class com.ibm.websphere.ras.TraceComponent@21cc09a4
      strings[0] = "TraceComponent[com.ibm.ws.jdbc.internal.JDBCDriverService,class com.ibm.ws.jdbc.internal.JDBCDriverService,[RRA],com.ibm.ws.rsadapter.resources.IBMDataStoreAdapterNLS,null]"
    FACTORY_PID = "com.ibm.ws.jdbc.jdbcDriver"
    ID = "id"
    LIBRARY_REF = "libraryRef"
    JDBC_DRIVER = "jdbcDriver"
    TARGET_LIBRARY = "sharedLib.target"
    PROPS_FOR_XA_ONLY = class java.util.Arrays$ArrayList@67b36d3e
      serialVersionUID = -2764017481108945198
      a = class java.lang.String[1]
      modCount = 0
      MAX_ARRAY_SIZE = 2147483639
    PROPS_NOT_SET_ON_DRIVER = class java.util.Arrays$ArrayList@61c71f69
      serialVersionUID = -2764017481108945198
      a = class java.lang.String[1]
      modCount = 0
      MAX_ARRAY_SIZE = 2147483639
    classloader = class com.ibm.ws.classloading.internal.AppClassLoader@90dd2af
      tc = class com.ibm.websphere.ras.TraceComponent@610955de
      disableSharedClassesCache = false
      PARENT_FIRST_SEARCH_ORDER = class java.util.Collections$UnmodifiableRandomAccessList@fd9bb9e
      packagesDefined = class java.util.Collections$SetFromMap@64307fcb
      CLASS_LOADING_TRACE_PREFIX = "com.ibm.ws.class.load."
      DEFAULT_PACKAGE = "default.package"
      perPackageClassLoadingTraceComponents = class java.util.concurrent.ConcurrentHashMap@36585ea0
      config = class com.ibm.ws.classloading.internal.ClassLoaderConfigurationImpl@7bb749f
      privateLibraries = null
      delegateLoaders = class com.ibm.ws.classloading.internal.util.CompositeIterable@457c2abd
      nativeLibraryFiles = class java.util.ArrayList@2255cbfe
      transformers = class java.util.ArrayList@568c2c4a
      apiAccess = class com.ibm.ws.classloading.internal.GatewayClassLoader@53bd77f3
      generator = class com.ibm.ws.classloading.internal.ClassGeneratorManager@2aa42598
      protectionDomains = class java.util.concurrent.ConcurrentHashMap@acfa588
      parent = class com.ibm.ws.classloading.internal.GatewayClassLoader@53bd77f3
      hook = null
      serialVersionUID = 8734164900246230615
      tc = class com.ibm.websphere.ras.TraceComponent@372210ad
      smartClassPath = class com.ibm.ws.classloading.internal.ContainerClassLoader$SmartClassPathImpl@2e425fae
      nativeLibraryContainers = class java.util.ArrayList@22446ba3
      redefiner = class com.ibm.ws.classloading.internal.util.ClassRedefiner@112e0133
      jarProtocol = "wsjar:"
      mapCreationQueue = class java.util.concurrent.Executors$FinalizableDelegatedExecutorService@151dfddd
      serialVersionUID = 6399598832433768509
      serialVersionUID = 1837293532091806117
      $$$tc$$$ = class com.ibm.websphere.ras.TraceComponent@4356918e
      serialVersionUID = -4586727107834513475
      $$$tc$$$ = class com.ibm.websphere.ras.TraceComponent@4cdec89b
      serialVersionUID = -7709588811276454856
      $$$tc$$$ = class com.ibm.websphere.ras.TraceComponent@45053d8f
      initialized = true
      pdcache = class java.util.HashMap@6209e913
      debug = null
      parent = class com.ibm.ws.classloading.internal.GatewayClassLoader@53bd77f3
      parallelLockMap = class java.util.concurrent.ConcurrentHashMap@5e8a75d3
      package2certs = class java.util.concurrent.ConcurrentHashMap@5f9214d2
      nocerts = class java.security.cert.Certificate[0]
      classes = class java.util.Vector@251bf9e8
      defaultDomain = class java.security.ProtectionDomain@877cd29
      packages = class java.util.HashMap@55e0519
      scl = class sun.misc.Launcher$AppClassLoader@4e0e2f2a
      sclSet = true
      loadedLibraryNames = class java.util.Vector@308bc1e1
      systemNativeLibraries = class java.util.Vector@6235c5c
      nativeLibraries = class java.util.Vector@73a0f74c
      nativeLibraryContext = class java.util.Stack@144d6649
      usr_paths = class java.lang.String[22]
      sys_paths = class java.lang.String[1]
      assertionLock = class java.lang.Object@1294da58
      defaultAssertionStatus = false
      packageAssertionStatus = null
      classAssertionStatus = null
    connectorSvc = class com.ibm.ejs.j2c.ConnectorServiceImpl@7cd3df50
    embDerbyRefCount = class java.util.concurrent.ConcurrentLinkedQueue@294949f9
      serialVersionUID = 196745693267521676
      head = class java.util.concurrent.ConcurrentLinkedQueue$Node@64f4049e
      tail = class java.util.concurrent.ConcurrentLinkedQueue$Node@64f4049e
      UNSAFE = class sun.misc.Unsafe@5d4a619
      headOffset = 12
      tailOffset = 16
      MAX_ARRAY_SIZE = 2147483639
    introspectedClasses = class java.util.HashSet@556f0b73
      serialVersionUID = -5024744406713321676
      map = class java.util.HashMap@3fd0fe9
      PRESENT = class java.lang.Object@45368cb9
      MAX_ARRAY_SIZE = 2147483639
    isDerbyEmbedded = class java.util.concurrent.atomic.AtomicBoolean@c0a7ae0
      serialVersionUID = 4654671469794556979
      unsafe = class sun.misc.Unsafe@5d4a619
      valueOffset = 12
      value = 0
    isInitialized = true
    lock = class java.util.concurrent.locks.ReentrantReadWriteLock@6b755964
      serialVersionUID = -6992448646407690164
      readerLock = class java.util.concurrent.locks.ReentrantReadWriteLock$ReadLock@4691eea0
      writerLock = class java.util.concurrent.locks.ReentrantReadWriteLock$WriteLock@2ef2b3f0
      sync = class java.util.concurrent.locks.ReentrantReadWriteLock$NonfairSync@2e06a71f
      UNSAFE = class sun.misc.Unsafe@5d4a619
      TID_OFFSET = 40
    name = "jdbcDriver[postgresql-driver]"
    properties = class org.apache.felix.scr.impl.helper.ReadOnlyDictionary@810d372
      m_delegate = class java.util.Hashtable@560755b6
      m_serviceReference = null
    sharedLib = class com.ibm.ws.library.internal.SharedLibraryImpl@25897590
      tc = class com.ibm.websphere.ras.TraceComponent@dc599ef
      EMPTY_LIBRARY_LISTENERS = interface com.ibm.wsspi.library.LibraryChangeListener[0]
      deleted = false
      libraryListenersTracker = class org.osgi.util.tracker.ServiceTracker@79c7c59a
      libraryReg = class org.eclipse.osgi.internal.serviceregistry.ServiceRegistrationImpl@7d3028ed
      ctx = class org.eclipse.osgi.internal.framework.BundleContextImpl@452bd6cc
      classLoadingService = class com.ibm.ws.classloading.internal.ClassLoadingServiceImpl@d741b7b
      configAdmin = class com.ibm.ws.config.admin.internal.ConfigurationAdminImpl@6262abe2
      resolvedBasePath = "D:/Facultate/Tehnologii Java/lab11/service-a/target/liberty/wlp/usr/servers/microservices/"
      generationLock = class com.ibm.ws.library.internal.SharedLibraryImpl$1@d70c204
      currentGeneration = class com.ibm.ws.library.internal.LibraryGeneration@43b7016a
      nextGeneration = class com.ibm.ws.library.internal.LibraryGeneration@43b7016a
      artifactContainerFactory = class com.ibm.ws.library.internal.SharedLibraryFactory$1@41be793
      packageExporter = class com.ibm.ws.library.internal.LibraryPackageExporter@73d17149
      serialVersionUID = 6288237618632180389
    changed = false
    obs = class java.util.Vector@7a8bc6bb
      elementData = class java.lang.Object[10]
      elementCount = 1
      capacityIncrement = 0
      serialVersionUID = -2767605614048989439
      MAX_ARRAY_SIZE = 2147483639
      modCount = 1
      MAX_ARRAY_SIZE = 2147483639
  jdbcRuntime = class com.ibm.ws.jdbc.osgi.v42.JDBC42Runtime@3b4420f6
  mcf = null
  mcfPerClassLoader = null
  properties = class org.apache.felix.scr.impl.helper.ReadOnlyDictionary@354614fe
    m_delegate = class java.util.Hashtable@2be29d53
      table = class java.util.Hashtable$Entry[95]
      count = 37
      threshold = 71
      loadFactor = 0.75
      modCount = 40
      serialVersionUID = 1421746759512286392
      MAX_ARRAY_SIZE = 2147483639
      keySet = null
      entrySet = class java.util.Collections$SynchronizedSet@5ccaf3bd
      values = null
      KEYS = 0
      VALUES = 1
      ENTRIES = 2
    m_serviceReference = null
  tc = class com.ibm.websphere.ras.TraceComponent@74c9b362
    strings[0] = "TraceComponent[com.ibm.ws.jca.cm.AbstractConnectionFactoryService,class com.ibm.ws.jca.cm.AbstractConnectionFactoryService,[WAS.j2c],com.ibm.ws.jca.cm.internal.resources.J2CAMessages,null]"
  ID = "id"
  DEFAULT_NESTED_PATTERN = class java.util.regex.Pattern@26ddf399
    UNIX_LINES = 1
    CASE_INSENSITIVE = 2
    COMMENTS = 4
    MULTILINE = 8
    LITERAL = 16
    DOTALL = 32
    UNICODE_CASE = 64
    CANON_EQ = 128
    UNICODE_CHARACTER_CLASS = 256
    serialVersionUID = 5073258162644648461
    pattern = ".*(\[default-\d*\])$"
    flags = 0
    compiled = true
    normalizedPattern = ".*(\[default-\d*\])$"
    root = class java.util.regex.Pattern$Start@32d34654
      minLength = 10
      next = class java.util.regex.Pattern$Curly@5679e297
    matchRoot = class java.util.regex.Pattern$Curly@5679e297
      atom = class java.util.regex.Pattern$Dot@39ae5c94
      type = 0
      cmin = 0
      cmax = 2147483647
      next = class java.util.regex.Pattern$GroupHead@556814f2
    buffer = null
    namedGroups = null
    groupNodes = null
    temp = null
    capturingGroupCount = 2
    localCount = 1
    cursor = 20
    patternLength = 0
    hasSupplementary = false
    MAX_REPS = 2147483647
    GREEDY = 0
    LAZY = 1
    POSSESSIVE = 2
    INDEPENDENT = 3
    lookbehindEnd = class java.util.regex.Pattern$4@2ce397c5
      next = null
    accept = class java.util.regex.Pattern$Node@59e78c44
      next = null
    lastAccept = class java.util.regex.Pattern$LastNode@71ae80ca
      next = class java.util.regex.Pattern$Node@59e78c44
    $assertionsDisabled = true
  DEFAULT_PATTERN = class java.util.regex.Pattern@59f8b97
    UNIX_LINES = 1
    CASE_INSENSITIVE = 2
    COMMENTS = 4
    MULTILINE = 8
    LITERAL = 16
    DOTALL = 32
    UNICODE_CASE = 64
    CANON_EQ = 128
    UNICODE_CHARACTER_CLASS = 256
    serialVersionUID = 5073258162644648461
    pattern = "(default-\d*)$"
    flags = 0
    compiled = true
    normalizedPattern = "(default-\d*)$"
    root = class java.util.regex.Pattern$Start@3bf40ef7
      minLength = 8
      next = class java.util.regex.Pattern$GroupHead@35f1d1b8
    matchRoot = class java.util.regex.Pattern$GroupHead@35f1d1b8
      localIndex = 0
      next = class java.util.regex.Pattern$Slice@714d8a65
    buffer = null
    namedGroups = null
    groupNodes = null
    temp = null
    capturingGroupCount = 2
    localCount = 1
    cursor = 14
    patternLength = 0
    hasSupplementary = false
    MAX_REPS = 2147483647
    GREEDY = 0
    LAZY = 1
    POSSESSIVE = 2
    INDEPENDENT = 3
    lookbehindEnd = class java.util.regex.Pattern$4@2ce397c5
    accept = class java.util.regex.Pattern$Node@59e78c44
    lastAccept = class java.util.regex.Pattern$LastNode@71ae80ca
    $assertionsDisabled = true
  THREAD_IDENTITY_NOT_ALLOWED = 0
  THREAD_IDENTITY_ALLOWED = 1
  THREAD_IDENTITY_REQUIRED = 2
  appsToRecycle = class java.util.Collections$SetFromMap@1a224eb0
    m = class java.util.concurrent.ConcurrentHashMap@5b3a0763
      serialVersionUID = 7249069246763182397
      MAXIMUM_CAPACITY = 1073741824
      DEFAULT_CAPACITY = 16
      MAX_ARRAY_SIZE = 2147483639
      DEFAULT_CONCURRENCY_LEVEL = 16
      LOAD_FACTOR = 0.75
      TREEIFY_THRESHOLD = 8
      UNTREEIFY_THRESHOLD = 6
      MIN_TREEIFY_CAPACITY = 64
      MIN_TRANSFER_STRIDE = 16
      RESIZE_STAMP_BITS = 16
      MAX_RESIZERS = 65535
      RESIZE_STAMP_SHIFT = 16
      MOVED = -1
      TREEBIN = -2
      RESERVED = -3
      HASH_BITS = 2147483647
      NCPU = 8
      serialPersistentFields = class java.io.ObjectStreamField[3]
      table = null
      nextTable = null
      baseCount = 0
      sizeCtl = 0
      transferIndex = 0
      cellsBusy = 0
      counterCells = null
      keySet = class java.util.concurrent.ConcurrentHashMap$KeySetView@7fa0bca1
      values = null
      entrySet = null
      U = class sun.misc.Unsafe@5d4a619
      SIZECTL = 20
      TRANSFERINDEX = 32
      BASECOUNT = 24
      CELLSBUSY = 36
      CELLVALUE = 144
      ABASE = 16
      ASHIFT = 2
      keySet = null
      values = null
    s = class java.util.concurrent.ConcurrentHashMap$KeySetView@7fa0bca1
      serialVersionUID = 7249069246763182397
      value = null
      serialVersionUID = 7249069246763182397
      map = class java.util.concurrent.ConcurrentHashMap@5b3a0763
      oomeMsg = "Required array size too large"
    serialVersionUID = 2454657854757543876
    MAX_ARRAY_SIZE = 2147483639
  conMgrSvc = class com.ibm.ejs.j2c.ConnectionManagerServiceImpl@53aa3756
    tc = class com.ibm.websphere.ras.TraceComponent@5b7a1d15
      strings[0] = "TraceComponent[com.ibm.ejs.j2c.ConnectionManagerServiceImpl,class com.ibm.ejs.j2c.ConnectionManagerServiceImpl,[WAS.j2c],com.ibm.ws.jca.cm.internal.resources.J2CAMessages,null]"
    priv = class com.ibm.ws.kernel.service.util.SecureAction@48718825
      controlContext = class java.security.AccessControlContext@79a9e3cd
      bootClassLoader = class com.ibm.ws.kernel.service.util.SecureAction$1$1@54f5f2b9
      getContextClassLoaderAction = class com.ibm.ws.kernel.service.util.SecureAction$29@2e4a0932
      getSystemClassLoaderAction = class com.ibm.ws.kernel.service.util.SecureAction$30@ee2a2d9
    cfKeyToCM = class java.util.concurrent.ConcurrentHashMap@7dc3bb2d
      serialVersionUID = 7249069246763182397
      MAXIMUM_CAPACITY = 1073741824
      DEFAULT_CAPACITY = 16
      MAX_ARRAY_SIZE = 2147483639
      DEFAULT_CONCURRENCY_LEVEL = 16
      LOAD_FACTOR = 0.75
      TREEIFY_THRESHOLD = 8
      UNTREEIFY_THRESHOLD = 6
      MIN_TREEIFY_CAPACITY = 64
      MIN_TRANSFER_STRIDE = 16
      RESIZE_STAMP_BITS = 16
      MAX_RESIZERS = 65535
      RESIZE_STAMP_SHIFT = 16
      MOVED = -1
      TREEBIN = -2
      RESERVED = -3
      HASH_BITS = 2147483647
      NCPU = 8
      serialPersistentFields = class java.io.ObjectStreamField[3]
      table = null
      nextTable = null
      baseCount = 0
      sizeCtl = 0
      transferIndex = 0
      cellsBusy = 0
      counterCells = null
      keySet = null
      values = null
      entrySet = null
      U = class sun.misc.Unsafe@5d4a619
      SIZECTL = 20
      TRANSFERINDEX = 32
      BASECOUNT = 24
      CELLSBUSY = 36
      CELLVALUE = 144
      ABASE = 16
      ASHIFT = 2
      keySet = null
      values = null
    connectorSvc = null
    lock = class java.util.concurrent.locks.ReentrantReadWriteLock@59fc1ea8
      serialVersionUID = -6992448646407690164
      readerLock = class java.util.concurrent.locks.ReentrantReadWriteLock$ReadLock@9edb6b5
      writerLock = class java.util.concurrent.locks.ReentrantReadWriteLock$WriteLock@2950e67e
      sync = class java.util.concurrent.locks.ReentrantReadWriteLock$NonfairSync@50da9761
      UNSAFE = class sun.misc.Unsafe@5d4a619
      TID_OFFSET = 40
    name = "dataSource[datasource]/connectionManager"
    pm = null
    pmMBean = null
    properties = null
    bndCtx = null
    raClassLoader = null
    disableLibertyConnectionPool = false
    AUTO_CLOSE_CONNECTIONS = "autoCloseConnections"
    CONNECTION_MANAGER = "connectionManager"
    FACTORY_PID = "com.ibm.ws.jca.connectionManager"
    ID = "id"
    MAX_CONNECTIONS_PER_THREAD = "maxConnectionsPerThread"
    MAX_IDLE_TIME = "maxIdleTime"
    MAX_POOL_SIZE = "maxPoolSize"
    MIN_POOL_SIZE = "minPoolSize"
    NUM_CONNECTIONS_PER_THREAD_LOCAL = "numConnectionsPerThreadLocal"
    TEMPORARILY_ASSOCIATE_IF_DISSOCIATE_UNAVAILABLE = "temporarilyAssociateIfDissociateUnavailable"
    ENABLE_CONTAINER_AUTH_FOR_DIRECT_LOOKUPS = "enableContainerAuthForDirectLookups"
    CONNECTION_MANAGER_PROPS = class java.util.Collections$UnmodifiableRandomAccessList@367b0cd2
      serialVersionUID = -2542308836966382001
      serialVersionUID = -283967356065247728
      list = class java.util.Arrays$ArrayList@6d14896d
      serialVersionUID = 1820017752578914078
      c = class java.util.Arrays$ArrayList@6d14896d
    CONNECTION_MANAGER_DSD_PROPS = class java.util.Collections$UnmodifiableRandomAccessList@728f8a98
      serialVersionUID = -2542308836966382001
      serialVersionUID = -283967356065247728
      list = class java.util.Arrays$ArrayList@4291930b
      serialVersionUID = 1820017752578914078
      c = class java.util.Arrays$ArrayList@4291930b
    changed = false
    obs = class java.util.Vector@12f54d37
      elementData = class java.lang.Object[10]
      elementCount = 1
      capacityIncrement = 0
      serialVersionUID = -2767605614048989439
      MAX_ARRAY_SIZE = 2147483639
      modCount = 1
      MAX_ARRAY_SIZE = 2147483639
  containerAuthDataRef = null
  jaasLoginContextEntryRef = null
  isInitialized = class java.util.concurrent.atomic.AtomicBoolean@2a90dd87
    serialVersionUID = 4654671469794556979
    unsafe = class sun.misc.Unsafe@5d4a619
    valueOffset = 12
    value = 0
  isServerDefined = true
  lock = class java.util.concurrent.locks.ReentrantReadWriteLock@7b914df
    serialVersionUID = -6992448646407690164
    readerLock = class java.util.concurrent.locks.ReentrantReadWriteLock$ReadLock@58b75653
      serialVersionUID = -5992448646407690164
      sync = class java.util.concurrent.locks.ReentrantReadWriteLock$NonfairSync@387a0b1d
    writerLock = class java.util.concurrent.locks.ReentrantReadWriteLock$WriteLock@3d5764ad
      serialVersionUID = -4992448646407690164
      sync = class java.util.concurrent.locks.ReentrantReadWriteLock$NonfairSync@387a0b1d
    sync = class java.util.concurrent.locks.ReentrantReadWriteLock$NonfairSync@387a0b1d
      serialVersionUID = -8159625535654395037
      serialVersionUID = 6317671515068378041
      SHARED_SHIFT = 16
      SHARED_UNIT = 65536
      MAX_COUNT = 65535
      EXCLUSIVE_MASK = 65535
      readHolds = class java.util.concurrent.locks.ReentrantReadWriteLock$Sync$ThreadLocalHoldCounter@5b35588
      cachedHoldCounter = null
      firstReader = null
      firstReaderHoldCount = 1
      serialVersionUID = 7373984972572414691
      head = null
      tail = null
      state = 1
      spinForTimeoutThreshold = 1000
      unsafe = class sun.misc.Unsafe@5d4a619
      stateOffset = 16
      headOffset = 20
      tailOffset = 24
      waitStatusOffset = 12
      nextOffset = 20
      serialVersionUID = 3737899427754241961
      exclusiveOwnerThread = class java.lang.Thread@25aeb302
    UNSAFE = class sun.misc.Unsafe@5d4a619
      theUnsafe = class sun.misc.Unsafe@5d4a619
      INVALID_FIELD_OFFSET = -1
      ARRAY_BOOLEAN_BASE_OFFSET = 16
      ARRAY_BYTE_BASE_OFFSET = 16
      ARRAY_SHORT_BASE_OFFSET = 16
      ARRAY_CHAR_BASE_OFFSET = 16
      ARRAY_INT_BASE_OFFSET = 16
      ARRAY_LONG_BASE_OFFSET = 16
      ARRAY_FLOAT_BASE_OFFSET = 16
      ARRAY_DOUBLE_BASE_OFFSET = 16
      ARRAY_OBJECT_BASE_OFFSET = 16
      ARRAY_BOOLEAN_INDEX_SCALE = 1
      ARRAY_BYTE_INDEX_SCALE = 1
      ARRAY_SHORT_INDEX_SCALE = 2
      ARRAY_CHAR_INDEX_SCALE = 2
      ARRAY_INT_INDEX_SCALE = 4
      ARRAY_LONG_INDEX_SCALE = 8
      ARRAY_FLOAT_INDEX_SCALE = 4
      ARRAY_DOUBLE_INDEX_SCALE = 8
      ARRAY_OBJECT_INDEX_SCALE = 4
      ADDRESS_SIZE = 8
    TID_OFFSET = 40
  recoveryAuthDataRef = null

