[0f20bb12b3204b17930e8f5cd5306e2d] User [Alex] submitted the document [Test] having the authors [Cezar,Andrei,Gigel,Alex]
[34f30d2901bc4a2386a5ae79ffe16640] User [Alex] submitted the document [Test] having the authors [Alex,Cezar,Andrei,Gigel]
[94eca18cfbf441b3a69a728c58a299a4] User [Alex] submitted the document [Test] having the authors [Cezar,Andrei,Gigel,Alex]
[7a4770dfd8d64b148f4cebad4b1a9a96] User [Alex] submitted the document [Test] having the authors [Cezar,Andrei,Gigel,Alex]
[e6dedbaa98ad4f98acae69a279d164d7] User [Alex] submitted the document [Test] having the authors [Cezar,Andrei,Gigel,Alex]
[f6b0825cff9b4d2989537c03cfff17ae] User [Alex] submitted the document [Test2] having the authors [Cezar,Andrei]
[a88159311039473daeb15ebbb4d88ad4] User [Alex] submitted the document [Test] having the authors [Cezar,Andrei]
[e4c7ef4bff1a4cf59bbe020560d71dbd] User [Alex] submitted the document [Test] having the authors [Cezar,Andrei]
[b8bc49ba37d1461b8653f558e9075120] User [Alex] submitted the document [Test3] having the authors [Cezar,Andrei]
[ed2c8ca2d78848d18e85fb28a0ee0ea2] User [Alex] submitted the document [Test] having the authors [Cezar,Andrei,Gigel,Alex]
[089f98a12f8b4dcdba39ce3ea5334e31] User [Alex] submitted the document [Test] having the authors [Alex]
[7ab1b46792814e089a43cd55eb3df1e3] User [Alex] submitted the document [Test] having the authors [Alex,Cezar]
[5dc2d47f076348388742b20fbbb48b6c] User [Cezar] submitted the document [Test] having the authors [Alex,Cezar]
[d6d9b0703d154521a4624bd7bf9665f4] User [Alex] submitted the document [Test] having the authors [Alex]
[d2c589f6e8314983900c1d7c4344b2f8] User [Alex] submitted the document [Test] having the authors [Alex]
[e4d6f2f8a2c54860909a65476cffa448] User [Cezar] submitted the document [Test2] having the authors [Cezar]
[f8d6e4c7adb0419b9ec4e1cf078330ee] User [Alex] submitted the document [Test] having the authors [Alex]
[11f741ec6bc142a9934f4e4c30da3b2b] User [Alex] submitted the document [Test] having the authors [Alex]
[545bb49bffba414da9d704938c337f6b] User [Cezar] submitted the document [Test2] having the authors [Cezar]
[43a76842b0e34da8aabbb96a3065e414] User [Alex] submitted the document [Test] having the authors [Alex]
[926140488e1b45cbb1bf260b333c2d66] User [Alex] submitted the document [Test] having the authors [Alex]
[cf5578fac85a4f029036e138f6d110b6] User [Cezar] submitted the document [Test2] having the authors [Cezar]
